2024-03-07 17:55:52 [INFO] Scrapy 2.11.1 started (bot: jumiaspider)
2024-03-07 17:55:53 [INFO] Versions: lxml 5.1.0.0, libxml2 2.10.3, cssselect 1.2.0, parsel 1.8.1, w3lib 2.1.2, Twisted 23.10.0, Python 3.12.1 (tags/v3.12.1:2305ca5, Dec  7 2023, 22:03:25) [MSC v.1937 64 bit (AMD64)], pyOpenSSL 24.0.0 (OpenSSL 3.2.1 30 Jan 2024), cryptography 42.0.4, Platform Windows-11-10.0.22000-SP0
2024-03-07 17:55:53 [INFO] Enabled addons:
[]
2024-03-07 17:55:53 [INFO] Telnet Password: b983683e43a020d9
2024-03-07 17:55:53 [WARNING] C:\Users\arnol\AppData\Roaming\Python\Python312\site-packages\scrapy\extensions\feedexport.py:406: ScrapyDeprecationWarning: The `FEED_URI` and `FEED_FORMAT` settings have been deprecated in favor of the `FEEDS` setting. Please see the `FEEDS` setting docs for more details
  exporter = cls(crawler)

2024-03-07 17:55:53 [INFO] Enabled extensions:
['scrapy.extensions.corestats.CoreStats',
 'scrapy.extensions.telnet.TelnetConsole',
 'scrapy.extensions.feedexport.FeedExporter',
 'scrapy.extensions.logstats.LogStats']
2024-03-07 17:55:53 [INFO] Overridden settings:
{'BOT_NAME': 'jumiaspider',
 'CONCURRENT_REQUESTS': 32,
 'DOWNLOAD_DELAY': 1,
 'FEED_EXPORT_ENCODING': 'utf-8',
 'LOG_FILE': 'C:\\Users\\arnol\\OneDrive\\Desktop\\Data '
             'Analysis\\Web-Scraping\\jumiaspider\\jumiaspider\\scrapy.log',
 'LOG_FORMAT': '%(asctime)s [%(levelname)s] %(message)s',
 'LOG_LEVEL': 'INFO',
 'NEWSPIDER_MODULE': 'jumiaspider.spiders',
 'REQUEST_FINGERPRINTER_IMPLEMENTATION': '2.7',
 'ROBOTSTXT_OBEY': True,
 'SPIDER_MODULES': ['jumiaspider.spiders'],
 'TWISTED_REACTOR': 'twisted.internet.selectreactor.SelectReactor'}
2024-03-07 17:55:55 [INFO] Error loading User-Agent provider: scrapy_fake_useragent.providers.FakeUserAgentProvider
2024-03-07 17:55:55 [INFO] Unable to load any of the User-Agent providers
2024-03-07 17:55:55 [INFO] Using '<class 'scrapy_fake_useragent.providers.FixedUserAgentProvider'>' as the User-Agent provider
2024-03-07 17:55:55 [INFO] Error loading User-Agent provider: scrapy_fake_useragent.providers.FakeUserAgentProvider
2024-03-07 17:55:55 [INFO] Unable to load any of the User-Agent providers
2024-03-07 17:55:55 [INFO] Using '<class 'scrapy_fake_useragent.providers.FixedUserAgentProvider'>' as the User-Agent provider
2024-03-07 17:55:56 [INFO] Enabled downloader middlewares:
['scrapy.downloadermiddlewares.robotstxt.RobotsTxtMiddleware',
 'scrapy.downloadermiddlewares.httpauth.HttpAuthMiddleware',
 'scrapy.downloadermiddlewares.downloadtimeout.DownloadTimeoutMiddleware',
 'scrapy.downloadermiddlewares.defaultheaders.DefaultHeadersMiddleware',
 'scrapy_fake_useragent.middleware.RandomUserAgentMiddleware',
 'scrapy_fake_useragent.middleware.RetryUserAgentMiddleware',
 'scrapy.downloadermiddlewares.redirect.MetaRefreshMiddleware',
 'scrapy.downloadermiddlewares.httpcompression.HttpCompressionMiddleware',
 'scrapy.downloadermiddlewares.redirect.RedirectMiddleware',
 'scrapy.downloadermiddlewares.cookies.CookiesMiddleware',
 'scrapy.downloadermiddlewares.httpproxy.HttpProxyMiddleware',
 'scrapy.downloadermiddlewares.stats.DownloaderStats']
2024-03-07 17:55:56 [INFO] Enabled spider middlewares:
['scrapy.spidermiddlewares.httperror.HttpErrorMiddleware',
 'scrapy.spidermiddlewares.offsite.OffsiteMiddleware',
 'scrapy.spidermiddlewares.referer.RefererMiddleware',
 'scrapy.spidermiddlewares.urllength.UrlLengthMiddleware',
 'scrapy.spidermiddlewares.depth.DepthMiddleware']
2024-03-07 17:55:56 [INFO] Enabled item pipelines:
[]
2024-03-07 17:55:56 [INFO] Spider opened
2024-03-07 17:55:56 [INFO] Crawled 0 pages (at 0 pages/min), scraped 0 items (at 0 items/min)
2024-03-07 17:55:56 [INFO] Telnet console listening on 127.0.0.1:6023
2024-03-07 17:55:58 [INFO] Parsing https://www.jumia.co.ke/electronics/
2024-03-07 17:56:00 [INFO] Parsing https://www.jumia.co.ke/sporting-goods/
2024-03-07 17:56:02 [INFO] Parsing https://www.jumia.co.ke/video-games/
2024-03-07 17:56:02 [INFO] Parsing https://www.jumia.co.ke/home-office-appliances/
2024-03-07 17:56:03 [INFO] Parsing https://www.jumia.co.ke/automobile/
2024-03-07 17:56:05 [INFO] Parsing https://www.jumia.co.ke/baby-products/
2024-03-07 17:56:06 [INFO] Parsing https://www.jumia.co.ke/books-movies-music/
2024-03-07 17:56:07 [INFO] Parsing https://www.jumia.co.ke/computing/
2024-03-07 17:56:09 [INFO] Parsing https://www.jumia.co.ke/category-fashion-by-jumia/
2024-03-07 17:56:11 [INFO] Parsing https://www.jumia.co.ke/patio-lawn-garden/
2024-03-07 17:56:11 [INFO] Parsing https://www.jumia.co.ke/groceries/
2024-03-07 17:56:13 [INFO] Parsing https://www.jumia.co.ke/health-beauty/
2024-03-07 17:56:14 [INFO] Parsing https://www.jumia.co.ke/home-office/
2024-03-07 17:56:15 [INFO] Parsing https://www.jumia.co.ke/industrial-scientific/
2024-03-07 17:56:16 [INFO] Parsing https://www.jumia.co.ke/livestock/
2024-03-07 17:56:17 [INFO] Parsing https://www.jumia.co.ke/miscellaneous/
2024-03-07 17:56:18 [INFO] Parsing https://www.jumia.co.ke/musical-instruments/
2024-03-07 17:56:20 [INFO] Parsing https://www.jumia.co.ke/pet-supplies/
2024-03-07 17:56:20 [INFO] Parsing https://www.jumia.co.ke/phones-tablets/
2024-03-07 17:56:22 [INFO] Parsing https://www.jumia.co.ke/toys-games/
2024-03-07 17:56:23 [INFO] Parsing https://www.jumia.co.ke/electronics/?page=2
2024-03-07 17:56:25 [INFO] Parsing https://www.jumia.co.ke/sporting-goods/?page=2
2024-03-07 17:56:26 [INFO] Parsing https://www.jumia.co.ke/video-games/?page=2
2024-03-07 17:56:27 [INFO] Parsing https://www.jumia.co.ke/home-office-appliances/?page=2
2024-03-07 17:56:29 [INFO] Parsing https://www.jumia.co.ke/automobile/?page=2
2024-03-07 17:56:30 [INFO] Parsing https://www.jumia.co.ke/baby-products/?page=2
2024-03-07 17:56:32 [INFO] Parsing https://www.jumia.co.ke/books-movies-music/?page=2
2024-03-07 17:56:33 [INFO] Parsing https://www.jumia.co.ke/computing/?page=2
2024-03-07 17:56:34 [INFO] Parsing https://www.jumia.co.ke/category-fashion-by-jumia/?page=2
2024-03-07 17:56:36 [INFO] Parsing https://www.jumia.co.ke/patio-lawn-garden/?page=2
2024-03-07 17:56:37 [INFO] Parsing https://www.jumia.co.ke/groceries/?page=2
2024-03-07 17:56:39 [INFO] Parsing https://www.jumia.co.ke/health-beauty/?page=2
2024-03-07 17:56:41 [INFO] Parsing https://www.jumia.co.ke/home-office/?page=2
2024-03-07 17:56:41 [INFO] Parsing https://www.jumia.co.ke/industrial-scientific/?page=2
2024-03-07 17:56:43 [INFO] Parsing https://www.jumia.co.ke/livestock/?page=2
2024-03-07 17:56:44 [INFO] Parsing https://www.jumia.co.ke/miscellaneous/?page=2
2024-03-07 17:56:45 [INFO] Parsing https://www.jumia.co.ke/musical-instruments/?page=2
2024-03-07 17:56:47 [INFO] Parsing https://www.jumia.co.ke/pet-supplies/?page=2
2024-03-07 17:56:48 [INFO] Parsing https://www.jumia.co.ke/phones-tablets/?page=2
2024-03-07 17:56:50 [INFO] Parsing https://www.jumia.co.ke/toys-games/?page=2
2024-03-07 17:56:50 [INFO] Parsing https://www.jumia.co.ke/electronics/?page=3
2024-03-07 17:56:52 [INFO] Parsing https://www.jumia.co.ke/sporting-goods/?page=3
2024-03-07 17:56:53 [INFO] Parsing https://www.jumia.co.ke/video-games/?page=3
2024-03-07 17:56:54 [INFO] Parsing https://www.jumia.co.ke/home-office-appliances/?page=3
2024-03-07 17:56:56 [INFO] Parsing https://www.jumia.co.ke/automobile/?page=3
2024-03-07 17:56:56 [INFO] Crawled 46 pages (at 46 pages/min), scraped 3780 items (at 3780 items/min)
2024-03-07 17:56:56 [INFO] Parsing https://www.jumia.co.ke/baby-products/?page=3
2024-03-07 17:56:58 [INFO] Parsing https://www.jumia.co.ke/books-movies-music/?page=3
2024-03-07 17:56:58 [INFO] Parsing https://www.jumia.co.ke/computing/?page=3
2024-03-07 17:57:00 [INFO] Parsing https://www.jumia.co.ke/category-fashion-by-jumia/?page=3
2024-03-07 17:57:01 [INFO] Parsing https://www.jumia.co.ke/patio-lawn-garden/?page=3
2024-03-07 17:57:03 [INFO] Parsing https://www.jumia.co.ke/groceries/?page=3
2024-03-07 17:57:04 [INFO] Parsing https://www.jumia.co.ke/health-beauty/?page=3
2024-03-07 17:57:05 [INFO] Parsing https://www.jumia.co.ke/home-office/?page=3
2024-03-07 17:57:06 [INFO] Parsing https://www.jumia.co.ke/industrial-scientific/?page=3
2024-03-07 17:57:06 [INFO] Parsing https://www.jumia.co.ke/livestock/?page=3
2024-03-07 17:57:06 [INFO] Parsing https://www.jumia.co.ke/miscellaneous/?page=3
2024-03-07 17:57:08 [INFO] Parsing https://www.jumia.co.ke/musical-instruments/?page=3
2024-03-07 17:57:09 [INFO] Parsing https://www.jumia.co.ke/pet-supplies/?page=3
2024-03-07 17:57:11 [INFO] Parsing https://www.jumia.co.ke/phones-tablets/?page=3
2024-03-07 17:57:12 [INFO] Parsing https://www.jumia.co.ke/toys-games/?page=3
2024-03-07 17:57:13 [INFO] Parsing https://www.jumia.co.ke/electronics/?page=4
2024-03-07 17:57:15 [INFO] Parsing https://www.jumia.co.ke/sporting-goods/?page=4
2024-03-07 17:57:16 [INFO] Parsing https://www.jumia.co.ke/video-games/?page=4
2024-03-07 17:57:17 [INFO] Parsing https://www.jumia.co.ke/home-office-appliances/?page=4
2024-03-07 17:57:19 [INFO] Parsing https://www.jumia.co.ke/automobile/?page=4
2024-03-07 17:57:19 [INFO] Parsing https://www.jumia.co.ke/baby-products/?page=4
2024-03-07 17:57:21 [INFO] Parsing https://www.jumia.co.ke/books-movies-music/?page=4
2024-03-07 17:57:22 [INFO] Parsing https://www.jumia.co.ke/computing/?page=4
2024-03-07 17:57:24 [INFO] Parsing https://www.jumia.co.ke/category-fashion-by-jumia/?page=4
2024-03-07 17:57:25 [INFO] Parsing https://www.jumia.co.ke/patio-lawn-garden/?page=4
2024-03-07 17:57:26 [INFO] Parsing https://www.jumia.co.ke/groceries/?page=4
2024-03-07 17:57:27 [INFO] Parsing https://www.jumia.co.ke/health-beauty/?page=4
2024-03-07 17:57:29 [INFO] Parsing https://www.jumia.co.ke/home-office/?page=4
2024-03-07 17:57:29 [INFO] Parsing https://www.jumia.co.ke/industrial-scientific/?page=4
2024-03-07 17:57:30 [INFO] Parsing https://www.jumia.co.ke/livestock/?page=4
2024-03-07 17:57:31 [INFO] Parsing https://www.jumia.co.ke/miscellaneous/?page=4
2024-03-07 17:57:32 [INFO] Parsing https://www.jumia.co.ke/musical-instruments/?page=4
2024-03-07 17:57:34 [INFO] Parsing https://www.jumia.co.ke/pet-supplies/?page=4
2024-03-07 17:57:35 [INFO] Parsing https://www.jumia.co.ke/phones-tablets/?page=4
2024-03-07 17:57:36 [INFO] Parsing https://www.jumia.co.ke/toys-games/?page=4
2024-03-07 17:57:37 [INFO] Parsing https://www.jumia.co.ke/electronics/?page=5
2024-03-07 17:57:39 [INFO] Parsing https://www.jumia.co.ke/sporting-goods/?page=5
2024-03-07 17:57:40 [INFO] Parsing https://www.jumia.co.ke/video-games/?page=5
2024-03-07 17:57:41 [INFO] Parsing https://www.jumia.co.ke/home-office-appliances/?page=5
2024-03-07 17:57:42 [INFO] Parsing https://www.jumia.co.ke/automobile/?page=5
2024-03-07 17:57:43 [INFO] Parsing https://www.jumia.co.ke/baby-products/?page=5
2024-03-07 17:57:44 [INFO] Parsing https://www.jumia.co.ke/books-movies-music/?page=5
2024-03-07 17:57:45 [INFO] Parsing https://www.jumia.co.ke/computing/?page=5
2024-03-07 17:57:48 [INFO] Parsing https://www.jumia.co.ke/category-fashion-by-jumia/?page=5
2024-03-07 17:57:48 [INFO] Parsing https://www.jumia.co.ke/patio-lawn-garden/?page=5
2024-03-07 17:57:49 [INFO] Parsing https://www.jumia.co.ke/groceries/?page=5
2024-03-07 17:57:51 [INFO] Parsing https://www.jumia.co.ke/health-beauty/?page=5
2024-03-07 17:57:52 [INFO] Parsing https://www.jumia.co.ke/home-office/?page=5
2024-03-07 17:57:53 [INFO] Parsing https://www.jumia.co.ke/industrial-scientific/?page=5
2024-03-07 17:57:53 [INFO] Parsing https://www.jumia.co.ke/livestock/?page=5
2024-03-07 17:57:54 [INFO] Parsing https://www.jumia.co.ke/miscellaneous/?page=5
2024-03-07 17:57:56 [INFO] Crawled 97 pages (at 51 pages/min), scraped 5820 items (at 2040 items/min)
2024-03-07 17:57:56 [INFO] Parsing https://www.jumia.co.ke/musical-instruments/?page=5
2024-03-07 17:57:58 [INFO] Parsing https://www.jumia.co.ke/pet-supplies/?page=5
2024-03-07 17:58:00 [INFO] Parsing https://www.jumia.co.ke/phones-tablets/?page=5
2024-03-07 17:58:00 [INFO] Parsing https://www.jumia.co.ke/toys-games/?page=5
2024-03-07 17:58:01 [INFO] Parsing https://www.jumia.co.ke/electronics/?page=6
2024-03-07 17:58:02 [INFO] Parsing https://www.jumia.co.ke/sporting-goods/?page=6
2024-03-07 17:58:03 [INFO] Parsing https://www.jumia.co.ke/video-games/?page=6
2024-03-07 17:58:04 [INFO] Parsing https://www.jumia.co.ke/home-office-appliances/?page=6
2024-03-07 17:58:06 [INFO] Parsing https://www.jumia.co.ke/automobile/?page=6
2024-03-07 17:58:07 [INFO] Parsing https://www.jumia.co.ke/baby-products/?page=6
2024-03-07 17:58:08 [INFO] Parsing https://www.jumia.co.ke/books-movies-music/?page=6
2024-03-07 17:58:09 [INFO] Parsing https://www.jumia.co.ke/computing/?page=6
2024-03-07 17:58:10 [INFO] Parsing https://www.jumia.co.ke/patio-lawn-garden/?page=6
2024-03-07 17:58:12 [INFO] Parsing https://www.jumia.co.ke/category-fashion-by-jumia/?page=6
2024-03-07 17:58:12 [INFO] Parsing https://www.jumia.co.ke/groceries/?page=6
2024-03-07 17:58:14 [INFO] Parsing https://www.jumia.co.ke/health-beauty/?page=6
2024-03-07 17:58:17 [INFO] Parsing https://www.jumia.co.ke/industrial-scientific/?page=6
2024-03-07 17:58:18 [INFO] Parsing https://www.jumia.co.ke/livestock/?page=6
2024-03-07 17:58:19 [INFO] Parsing https://www.jumia.co.ke/miscellaneous/?page=6
2024-03-07 17:58:19 [INFO] Parsing https://www.jumia.co.ke/musical-instruments/?page=6
2024-03-07 17:58:20 [INFO] Parsing https://www.jumia.co.ke/home-office/?page=6
2024-03-07 17:58:21 [INFO] Parsing https://www.jumia.co.ke/pet-supplies/?page=6
2024-03-07 17:58:22 [INFO] Parsing https://www.jumia.co.ke/phones-tablets/?page=6
2024-03-07 17:58:23 [INFO] Parsing https://www.jumia.co.ke/electronics/?page=7
2024-03-07 17:58:23 [INFO] Parsing https://www.jumia.co.ke/toys-games/?page=6
2024-03-07 17:58:26 [INFO] Parsing https://www.jumia.co.ke/video-games/?page=7
2024-03-07 17:58:27 [INFO] Parsing https://www.jumia.co.ke/sporting-goods/?page=7
2024-03-07 17:58:28 [INFO] Parsing https://www.jumia.co.ke/home-office-appliances/?page=7
2024-03-07 17:58:30 [INFO] Parsing https://www.jumia.co.ke/automobile/?page=7
2024-03-07 17:58:30 [INFO] Parsing https://www.jumia.co.ke/baby-products/?page=7
2024-03-07 17:58:32 [INFO] Parsing https://www.jumia.co.ke/books-movies-music/?page=7
2024-03-07 17:58:34 [INFO] Parsing https://www.jumia.co.ke/patio-lawn-garden/?page=7
2024-03-07 17:58:37 [INFO] Parsing https://www.jumia.co.ke/groceries/?page=7
2024-03-07 17:58:37 [INFO] Parsing https://www.jumia.co.ke/category-fashion-by-jumia/?page=7
2024-03-07 17:58:38 [INFO] Parsing https://www.jumia.co.ke/computing/?page=7
2024-03-07 17:58:38 [INFO] Parsing https://www.jumia.co.ke/health-beauty/?page=7
2024-03-07 17:58:39 [INFO] Parsing https://www.jumia.co.ke/industrial-scientific/?page=7
2024-03-07 17:58:40 [INFO] Parsing https://www.jumia.co.ke/livestock/?page=7
2024-03-07 17:58:41 [INFO] Parsing https://www.jumia.co.ke/miscellaneous/?page=7
2024-03-07 17:58:43 [INFO] Parsing https://www.jumia.co.ke/musical-instruments/?page=7
2024-03-07 17:58:45 [INFO] Parsing https://www.jumia.co.ke/home-office/?page=7
2024-03-07 17:58:45 [INFO] Parsing https://www.jumia.co.ke/pet-supplies/?page=7
2024-03-07 17:58:47 [INFO] Parsing https://www.jumia.co.ke/phones-tablets/?page=7
2024-03-07 17:58:48 [INFO] Parsing https://www.jumia.co.ke/electronics/?page=8
2024-03-07 17:58:49 [INFO] Parsing https://www.jumia.co.ke/toys-games/?page=7
2024-03-07 17:58:50 [INFO] Parsing https://www.jumia.co.ke/video-games/?page=8
2024-03-07 17:58:52 [INFO] Parsing https://www.jumia.co.ke/sporting-goods/?page=8
2024-03-07 17:58:52 [INFO] Parsing https://www.jumia.co.ke/home-office-appliances/?page=8
2024-03-07 17:58:54 [INFO] Parsing https://www.jumia.co.ke/automobile/?page=8
2024-03-07 17:58:55 [INFO] Parsing https://www.jumia.co.ke/baby-products/?page=8
2024-03-07 17:58:56 [INFO] Crawled 147 pages (at 50 pages/min), scraped 7820 items (at 2000 items/min)
2024-03-07 17:58:56 [INFO] Parsing https://www.jumia.co.ke/books-movies-music/?page=8
2024-03-07 17:58:57 [INFO] Parsing https://www.jumia.co.ke/patio-lawn-garden/?page=8
2024-03-07 17:58:58 [INFO] Parsing https://www.jumia.co.ke/groceries/?page=8
2024-03-07 17:59:01 [INFO] Parsing https://www.jumia.co.ke/computing/?page=8
2024-03-07 17:59:01 [INFO] Parsing https://www.jumia.co.ke/category-fashion-by-jumia/?page=8
2024-03-07 17:59:02 [INFO] Parsing https://www.jumia.co.ke/health-beauty/?page=8
2024-03-07 17:59:03 [INFO] Parsing https://www.jumia.co.ke/industrial-scientific/?page=8
2024-03-07 17:59:04 [INFO] Parsing https://www.jumia.co.ke/livestock/?page=8
2024-03-07 17:59:05 [INFO] Parsing https://www.jumia.co.ke/miscellaneous/?page=8
2024-03-07 17:59:06 [INFO] Parsing https://www.jumia.co.ke/musical-instruments/?page=8
2024-03-07 17:59:09 [INFO] Parsing https://www.jumia.co.ke/home-office/?page=8
2024-03-07 17:59:09 [INFO] Parsing https://www.jumia.co.ke/pet-supplies/?page=8
2024-03-07 17:59:11 [INFO] Parsing https://www.jumia.co.ke/phones-tablets/?page=8
2024-03-07 17:59:12 [INFO] Parsing https://www.jumia.co.ke/electronics/?page=9
2024-03-07 17:59:13 [INFO] Parsing https://www.jumia.co.ke/toys-games/?page=8
2024-03-07 17:59:14 [INFO] Parsing https://www.jumia.co.ke/video-games/?page=9
2024-03-07 17:59:15 [INFO] Parsing https://www.jumia.co.ke/sporting-goods/?page=9
2024-03-07 17:59:16 [INFO] Parsing https://www.jumia.co.ke/home-office-appliances/?page=9
2024-03-07 17:59:18 [INFO] Parsing https://www.jumia.co.ke/automobile/?page=9
2024-03-07 17:59:19 [INFO] Parsing https://www.jumia.co.ke/baby-products/?page=9
2024-03-07 17:59:20 [INFO] Parsing https://www.jumia.co.ke/books-movies-music/?page=9
2024-03-07 17:59:22 [INFO] Parsing https://www.jumia.co.ke/patio-lawn-garden/?page=9
2024-03-07 17:59:23 [INFO] Parsing https://www.jumia.co.ke/groceries/?page=9
2024-03-07 17:59:24 [INFO] Parsing https://www.jumia.co.ke/computing/?page=9
2024-03-07 17:59:26 [INFO] Parsing https://www.jumia.co.ke/category-fashion-by-jumia/?page=9
2024-03-07 17:59:27 [INFO] Parsing https://www.jumia.co.ke/health-beauty/?page=9
2024-03-07 17:59:28 [INFO] Parsing https://www.jumia.co.ke/industrial-scientific/?page=9
2024-03-07 17:59:29 [INFO] Parsing https://www.jumia.co.ke/livestock/?page=9
2024-03-07 17:59:30 [INFO] Parsing https://www.jumia.co.ke/miscellaneous/?page=9
2024-03-07 17:59:32 [INFO] Parsing https://www.jumia.co.ke/musical-instruments/?page=9
2024-03-07 17:59:34 [INFO] Parsing https://www.jumia.co.ke/home-office/?page=9
2024-03-07 17:59:34 [INFO] Parsing https://www.jumia.co.ke/pet-supplies/?page=9
2024-03-07 17:59:36 [INFO] Parsing https://www.jumia.co.ke/phones-tablets/?page=9
2024-03-07 17:59:36 [INFO] Parsing https://www.jumia.co.ke/electronics/?page=10
2024-03-07 17:59:38 [INFO] Parsing https://www.jumia.co.ke/toys-games/?page=9
2024-03-07 17:59:39 [INFO] Parsing https://www.jumia.co.ke/video-games/?page=10
2024-03-07 17:59:41 [INFO] Parsing https://www.jumia.co.ke/sporting-goods/?page=10
2024-03-07 17:59:42 [INFO] Parsing https://www.jumia.co.ke/home-office-appliances/?page=10
2024-03-07 17:59:44 [INFO] Parsing https://www.jumia.co.ke/automobile/?page=10
2024-03-07 17:59:45 [INFO] Parsing https://www.jumia.co.ke/books-movies-music/?page=10
2024-03-07 17:59:46 [INFO] Parsing https://www.jumia.co.ke/baby-products/?page=10
2024-03-07 17:59:47 [INFO] Parsing https://www.jumia.co.ke/patio-lawn-garden/?page=10
2024-03-07 17:59:48 [INFO] Parsing https://www.jumia.co.ke/groceries/?page=10
2024-03-07 17:59:49 [INFO] Parsing https://www.jumia.co.ke/computing/?page=10
2024-03-07 17:59:52 [INFO] Parsing https://www.jumia.co.ke/category-fashion-by-jumia/?page=10
2024-03-07 17:59:52 [INFO] Parsing https://www.jumia.co.ke/health-beauty/?page=10
2024-03-07 17:59:53 [INFO] Parsing https://www.jumia.co.ke/industrial-scientific/?page=10
2024-03-07 17:59:54 [INFO] Parsing https://www.jumia.co.ke/livestock/?page=10
2024-03-07 17:59:56 [INFO] Crawled 196 pages (at 49 pages/min), scraped 9740 items (at 1920 items/min)
2024-03-07 17:59:56 [INFO] Parsing https://www.jumia.co.ke/miscellaneous/?page=10
2024-03-07 17:59:57 [INFO] Parsing https://www.jumia.co.ke/musical-instruments/?page=10
2024-03-07 17:59:59 [INFO] Parsing https://www.jumia.co.ke/home-office/?page=10
2024-03-07 18:00:00 [INFO] Parsing https://www.jumia.co.ke/pet-supplies/?page=10
2024-03-07 18:00:02 [INFO] Parsing https://www.jumia.co.ke/phones-tablets/?page=10
2024-03-07 18:00:02 [INFO] Parsing https://www.jumia.co.ke/electronics/?page=11
2024-03-07 18:00:03 [INFO] Parsing https://www.jumia.co.ke/toys-games/?page=10
2024-03-07 18:00:05 [INFO] Parsing https://www.jumia.co.ke/video-games/?page=11
2024-03-07 18:00:06 [INFO] Parsing https://www.jumia.co.ke/sporting-goods/?page=11
2024-03-07 18:00:07 [INFO] Parsing https://www.jumia.co.ke/home-office-appliances/?page=11
2024-03-07 18:00:08 [INFO] Parsing https://www.jumia.co.ke/automobile/?page=11
2024-03-07 18:00:09 [INFO] Parsing https://www.jumia.co.ke/books-movies-music/?page=11
2024-03-07 18:00:10 [INFO] Parsing https://www.jumia.co.ke/baby-products/?page=11
2024-03-07 18:00:11 [INFO] Parsing https://www.jumia.co.ke/patio-lawn-garden/?page=11
2024-03-07 18:00:12 [INFO] Parsing https://www.jumia.co.ke/groceries/?page=11
2024-03-07 18:00:14 [INFO] Parsing https://www.jumia.co.ke/computing/?page=11
2024-03-07 18:00:16 [INFO] Parsing https://www.jumia.co.ke/category-fashion-by-jumia/?page=11
2024-03-07 18:00:16 [INFO] Parsing https://www.jumia.co.ke/health-beauty/?page=11
2024-03-07 18:00:17 [INFO] Parsing https://www.jumia.co.ke/industrial-scientific/?page=11
2024-03-07 18:00:18 [INFO] Parsing https://www.jumia.co.ke/livestock/?page=11
2024-03-07 18:00:20 [INFO] Parsing https://www.jumia.co.ke/miscellaneous/?page=11
2024-03-07 18:00:21 [INFO] Parsing https://www.jumia.co.ke/musical-instruments/?page=11
2024-03-07 18:00:23 [INFO] Parsing https://www.jumia.co.ke/home-office/?page=11
2024-03-07 18:00:23 [INFO] Parsing https://www.jumia.co.ke/pet-supplies/?page=11
2024-03-07 18:00:25 [INFO] Parsing https://www.jumia.co.ke/phones-tablets/?page=11
2024-03-07 18:00:25 [INFO] Parsing https://www.jumia.co.ke/electronics/?page=12
2024-03-07 18:00:27 [INFO] Parsing https://www.jumia.co.ke/toys-games/?page=11
2024-03-07 18:00:28 [INFO] Parsing https://www.jumia.co.ke/video-games/?page=12
2024-03-07 18:00:29 [INFO] Parsing https://www.jumia.co.ke/sporting-goods/?page=12
2024-03-07 18:00:30 [INFO] Parsing https://www.jumia.co.ke/home-office-appliances/?page=12
2024-03-07 18:00:32 [INFO] Parsing https://www.jumia.co.ke/automobile/?page=12
2024-03-07 18:00:32 [INFO] Parsing https://www.jumia.co.ke/books-movies-music/?page=12
2024-03-07 18:00:34 [INFO] Parsing https://www.jumia.co.ke/baby-products/?page=12
2024-03-07 18:00:35 [INFO] Parsing https://www.jumia.co.ke/patio-lawn-garden/?page=12
2024-03-07 18:00:36 [INFO] Parsing https://www.jumia.co.ke/groceries/?page=12
2024-03-07 18:00:38 [INFO] Parsing https://www.jumia.co.ke/computing/?page=12
2024-03-07 18:00:40 [INFO] Parsing https://www.jumia.co.ke/category-fashion-by-jumia/?page=12
2024-03-07 18:00:40 [INFO] Parsing https://www.jumia.co.ke/health-beauty/?page=12
2024-03-07 18:00:42 [INFO] Parsing https://www.jumia.co.ke/industrial-scientific/?page=12
2024-03-07 18:00:43 [INFO] Parsing https://www.jumia.co.ke/miscellaneous/?page=12
2024-03-07 18:00:44 [INFO] Parsing https://www.jumia.co.ke/musical-instruments/?page=12
2024-03-07 18:00:46 [INFO] Parsing https://www.jumia.co.ke/home-office/?page=12
2024-03-07 18:00:47 [INFO] Parsing https://www.jumia.co.ke/pet-supplies/?page=12
2024-03-07 18:00:48 [INFO] Parsing https://www.jumia.co.ke/phones-tablets/?page=12
2024-03-07 18:00:49 [INFO] Parsing https://www.jumia.co.ke/electronics/?page=13
2024-03-07 18:00:51 [INFO] Parsing https://www.jumia.co.ke/toys-games/?page=12
2024-03-07 18:00:51 [INFO] Parsing https://www.jumia.co.ke/video-games/?page=13
2024-03-07 18:00:53 [INFO] Parsing https://www.jumia.co.ke/sporting-goods/?page=13
2024-03-07 18:00:53 [INFO] Parsing https://www.jumia.co.ke/home-office-appliances/?page=13
2024-03-07 18:00:55 [INFO] Parsing https://www.jumia.co.ke/automobile/?page=13
2024-03-07 18:00:56 [INFO] Parsing https://www.jumia.co.ke/books-movies-music/?page=13
2024-03-07 18:00:56 [INFO] Crawled 246 pages (at 50 pages/min), scraped 11708 items (at 1968 items/min)
2024-03-07 18:00:57 [INFO] Parsing https://www.jumia.co.ke/baby-products/?page=13
2024-03-07 18:00:59 [INFO] Parsing https://www.jumia.co.ke/patio-lawn-garden/?page=13
2024-03-07 18:01:00 [INFO] Parsing https://www.jumia.co.ke/groceries/?page=13
2024-03-07 18:01:01 [INFO] Parsing https://www.jumia.co.ke/computing/?page=13
2024-03-07 18:01:03 [INFO] Parsing https://www.jumia.co.ke/category-fashion-by-jumia/?page=13
2024-03-07 18:01:04 [INFO] Parsing https://www.jumia.co.ke/health-beauty/?page=13
2024-03-07 18:01:05 [INFO] Parsing https://www.jumia.co.ke/industrial-scientific/?page=13
2024-03-07 18:01:07 [INFO] Parsing https://www.jumia.co.ke/miscellaneous/?page=13
2024-03-07 18:01:07 [INFO] Parsing https://www.jumia.co.ke/musical-instruments/?page=13
2024-03-07 18:01:10 [INFO] Parsing https://www.jumia.co.ke/home-office/?page=13
2024-03-07 18:01:10 [INFO] Parsing https://www.jumia.co.ke/pet-supplies/?page=13
2024-03-07 18:01:12 [INFO] Parsing https://www.jumia.co.ke/phones-tablets/?page=13
2024-03-07 18:01:13 [INFO] Parsing https://www.jumia.co.ke/electronics/?page=14
2024-03-07 18:01:14 [INFO] Parsing https://www.jumia.co.ke/toys-games/?page=13
2024-03-07 18:01:14 [INFO] Parsing https://www.jumia.co.ke/video-games/?page=14
2024-03-07 18:01:16 [INFO] Parsing https://www.jumia.co.ke/sporting-goods/?page=14
2024-03-07 18:01:17 [INFO] Parsing https://www.jumia.co.ke/home-office-appliances/?page=14
2024-03-07 18:01:19 [INFO] Parsing https://www.jumia.co.ke/automobile/?page=14
2024-03-07 18:01:20 [INFO] Parsing https://www.jumia.co.ke/books-movies-music/?page=14
2024-03-07 18:01:23 [INFO] Parsing https://www.jumia.co.ke/baby-products/?page=14
2024-03-07 18:01:23 [INFO] Parsing https://www.jumia.co.ke/groceries/?page=14
2024-03-07 18:01:24 [INFO] Parsing https://www.jumia.co.ke/patio-lawn-garden/?page=14
2024-03-07 18:01:25 [INFO] Parsing https://www.jumia.co.ke/computing/?page=14
2024-03-07 18:01:28 [INFO] Parsing https://www.jumia.co.ke/category-fashion-by-jumia/?page=14
2024-03-07 18:01:28 [INFO] Parsing https://www.jumia.co.ke/health-beauty/?page=14
2024-03-07 18:01:29 [INFO] Parsing https://www.jumia.co.ke/industrial-scientific/?page=14
2024-03-07 18:01:30 [INFO] Parsing https://www.jumia.co.ke/miscellaneous/?page=14
2024-03-07 18:01:32 [INFO] Parsing https://www.jumia.co.ke/musical-instruments/?page=14
2024-03-07 18:01:34 [INFO] Parsing https://www.jumia.co.ke/home-office/?page=14
2024-03-07 18:01:34 [INFO] Parsing https://www.jumia.co.ke/pet-supplies/?page=14
2024-03-07 18:01:36 [INFO] Parsing https://www.jumia.co.ke/phones-tablets/?page=14
2024-03-07 18:01:37 [INFO] Parsing https://www.jumia.co.ke/electronics/?page=15
2024-03-07 18:01:39 [INFO] Parsing https://www.jumia.co.ke/video-games/?page=15
2024-03-07 18:01:40 [INFO] Parsing https://www.jumia.co.ke/toys-games/?page=14
2024-03-07 18:01:41 [INFO] Parsing https://www.jumia.co.ke/sporting-goods/?page=15
2024-03-07 18:01:42 [INFO] Parsing https://www.jumia.co.ke/home-office-appliances/?page=15
2024-03-07 18:01:43 [INFO] Parsing https://www.jumia.co.ke/automobile/?page=15
2024-03-07 18:01:44 [INFO] Parsing https://www.jumia.co.ke/books-movies-music/?page=15
2024-03-07 18:01:45 [INFO] Parsing https://www.jumia.co.ke/baby-products/?page=15
2024-03-07 18:01:45 [INFO] Parsing https://www.jumia.co.ke/groceries/?page=15
2024-03-07 18:01:47 [INFO] Parsing https://www.jumia.co.ke/patio-lawn-garden/?page=15
2024-03-07 18:01:49 [INFO] Parsing https://www.jumia.co.ke/computing/?page=15
2024-03-07 18:01:50 [INFO] Parsing https://www.jumia.co.ke/category-fashion-by-jumia/?page=15
2024-03-07 18:01:51 [INFO] Parsing https://www.jumia.co.ke/health-beauty/?page=15
2024-03-07 18:01:52 [INFO] Parsing https://www.jumia.co.ke/industrial-scientific/?page=15
2024-03-07 18:01:53 [INFO] Parsing https://www.jumia.co.ke/miscellaneous/?page=15
2024-03-07 18:01:55 [INFO] Parsing https://www.jumia.co.ke/musical-instruments/?page=15
2024-03-07 18:01:56 [INFO] Crawled 293 pages (at 47 pages/min), scraped 13627 items (at 1919 items/min)
2024-03-07 18:01:56 [INFO] Parsing https://www.jumia.co.ke/home-office/?page=15
2024-03-07 18:01:57 [INFO] Parsing https://www.jumia.co.ke/pet-supplies/?page=15
2024-03-07 18:01:59 [INFO] Parsing https://www.jumia.co.ke/phones-tablets/?page=15
2024-03-07 18:01:59 [INFO] Parsing https://www.jumia.co.ke/electronics/?page=16
2024-03-07 18:02:00 [INFO] Parsing https://www.jumia.co.ke/video-games/?page=16
2024-03-07 18:02:02 [INFO] Parsing https://www.jumia.co.ke/toys-games/?page=15
2024-03-07 18:02:03 [INFO] Parsing https://www.jumia.co.ke/sporting-goods/?page=16
2024-03-07 18:02:04 [INFO] Parsing https://www.jumia.co.ke/home-office-appliances/?page=16
2024-03-07 18:02:06 [INFO] Parsing https://www.jumia.co.ke/automobile/?page=16
2024-03-07 18:02:07 [INFO] Parsing https://www.jumia.co.ke/books-movies-music/?page=16
2024-03-07 18:02:08 [INFO] Parsing https://www.jumia.co.ke/baby-products/?page=16
2024-03-07 18:02:09 [INFO] Parsing https://www.jumia.co.ke/groceries/?page=16
2024-03-07 18:02:10 [INFO] Parsing https://www.jumia.co.ke/patio-lawn-garden/?page=16
2024-03-07 18:02:12 [INFO] Parsing https://www.jumia.co.ke/computing/?page=16
2024-03-07 18:02:14 [INFO] Parsing https://www.jumia.co.ke/category-fashion-by-jumia/?page=16
2024-03-07 18:02:14 [INFO] Parsing https://www.jumia.co.ke/health-beauty/?page=16
2024-03-07 18:02:15 [INFO] Parsing https://www.jumia.co.ke/industrial-scientific/?page=16
2024-03-07 18:02:16 [INFO] Parsing https://www.jumia.co.ke/miscellaneous/?page=16
2024-03-07 18:02:17 [INFO] Parsing https://www.jumia.co.ke/musical-instruments/?page=16
2024-03-07 18:02:19 [INFO] Parsing https://www.jumia.co.ke/home-office/?page=16
2024-03-07 18:02:19 [INFO] Parsing https://www.jumia.co.ke/pet-supplies/?page=16
2024-03-07 18:02:21 [INFO] Parsing https://www.jumia.co.ke/phones-tablets/?page=16
2024-03-07 18:02:21 [INFO] Parsing https://www.jumia.co.ke/electronics/?page=17
2024-03-07 18:02:24 [INFO] Parsing https://www.jumia.co.ke/video-games/?page=17
2024-03-07 18:02:25 [INFO] Parsing https://www.jumia.co.ke/toys-games/?page=16
2024-03-07 18:02:27 [INFO] Parsing https://www.jumia.co.ke/sporting-goods/?page=17
2024-03-07 18:02:27 [INFO] Parsing https://www.jumia.co.ke/home-office-appliances/?page=17
2024-03-07 18:02:29 [INFO] Parsing https://www.jumia.co.ke/automobile/?page=17
2024-03-07 18:02:29 [INFO] Parsing https://www.jumia.co.ke/books-movies-music/?page=17
2024-03-07 18:02:30 [INFO] Parsing https://www.jumia.co.ke/baby-products/?page=17
2024-03-07 18:02:30 [INFO] Parsing https://www.jumia.co.ke/groceries/?page=17
2024-03-07 18:02:32 [INFO] Parsing https://www.jumia.co.ke/patio-lawn-garden/?page=17
2024-03-07 18:02:33 [INFO] Parsing https://www.jumia.co.ke/computing/?page=17
2024-03-07 18:02:36 [INFO] Parsing https://www.jumia.co.ke/category-fashion-by-jumia/?page=17
2024-03-07 18:02:36 [INFO] Parsing https://www.jumia.co.ke/health-beauty/?page=17
2024-03-07 18:02:37 [INFO] Parsing https://www.jumia.co.ke/industrial-scientific/?page=17
2024-03-07 18:02:38 [INFO] Parsing https://www.jumia.co.ke/miscellaneous/?page=17
2024-03-07 18:02:39 [INFO] Parsing https://www.jumia.co.ke/musical-instruments/?page=17
2024-03-07 18:02:40 [INFO] Parsing https://www.jumia.co.ke/pet-supplies/?page=17
2024-03-07 18:02:43 [INFO] Parsing https://www.jumia.co.ke/home-office/?page=17
2024-03-07 18:02:44 [INFO] Parsing https://www.jumia.co.ke/electronics/?page=18
2024-03-07 18:02:45 [INFO] Parsing https://www.jumia.co.ke/phones-tablets/?page=17
2024-03-07 18:02:46 [INFO] Parsing https://www.jumia.co.ke/video-games/?page=18
2024-03-07 18:02:48 [INFO] Parsing https://www.jumia.co.ke/toys-games/?page=17
2024-03-07 18:02:48 [INFO] Parsing https://www.jumia.co.ke/sporting-goods/?page=18
2024-03-07 18:02:49 [INFO] Parsing https://www.jumia.co.ke/home-office-appliances/?page=18
2024-03-07 18:02:51 [INFO] Parsing https://www.jumia.co.ke/automobile/?page=18
2024-03-07 18:02:52 [INFO] Parsing https://www.jumia.co.ke/books-movies-music/?page=18
2024-03-07 18:02:53 [INFO] Parsing https://www.jumia.co.ke/baby-products/?page=18
2024-03-07 18:02:54 [INFO] Parsing https://www.jumia.co.ke/groceries/?page=18
2024-03-07 18:02:55 [INFO] Parsing https://www.jumia.co.ke/patio-lawn-garden/?page=18
2024-03-07 18:02:56 [INFO] Crawled 344 pages (at 51 pages/min), scraped 15667 items (at 2040 items/min)
2024-03-07 18:02:57 [INFO] Parsing https://www.jumia.co.ke/computing/?page=18
2024-03-07 18:02:58 [INFO] Parsing https://www.jumia.co.ke/category-fashion-by-jumia/?page=18
2024-03-07 18:02:58 [INFO] Parsing https://www.jumia.co.ke/health-beauty/?page=18
2024-03-07 18:03:00 [INFO] Parsing https://www.jumia.co.ke/industrial-scientific/?page=18
2024-03-07 18:03:01 [INFO] Parsing https://www.jumia.co.ke/miscellaneous/?page=18
2024-03-07 18:03:02 [INFO] Parsing https://www.jumia.co.ke/musical-instruments/?page=18
2024-03-07 18:03:03 [INFO] Parsing https://www.jumia.co.ke/pet-supplies/?page=18
2024-03-07 18:03:05 [INFO] Parsing https://www.jumia.co.ke/electronics/?page=19
2024-03-07 18:03:06 [INFO] Parsing https://www.jumia.co.ke/home-office/?page=18
2024-03-07 18:03:08 [INFO] Parsing https://www.jumia.co.ke/phones-tablets/?page=18
2024-03-07 18:03:08 [INFO] Parsing https://www.jumia.co.ke/video-games/?page=19
2024-03-07 18:03:10 [INFO] Parsing https://www.jumia.co.ke/toys-games/?page=18
2024-03-07 18:03:12 [INFO] Parsing https://www.jumia.co.ke/sporting-goods/?page=19
2024-03-07 18:03:12 [INFO] Parsing https://www.jumia.co.ke/home-office-appliances/?page=19
2024-03-07 18:03:14 [INFO] Parsing https://www.jumia.co.ke/automobile/?page=19
2024-03-07 18:03:15 [INFO] Parsing https://www.jumia.co.ke/books-movies-music/?page=19
2024-03-07 18:03:17 [INFO] Parsing https://www.jumia.co.ke/baby-products/?page=19
2024-03-07 18:03:17 [INFO] Parsing https://www.jumia.co.ke/groceries/?page=19
2024-03-07 18:03:18 [INFO] Parsing https://www.jumia.co.ke/patio-lawn-garden/?page=19
2024-03-07 18:03:20 [INFO] Parsing https://www.jumia.co.ke/computing/?page=19
2024-03-07 18:03:23 [INFO] Parsing https://www.jumia.co.ke/health-beauty/?page=19
2024-03-07 18:03:23 [INFO] Parsing https://www.jumia.co.ke/category-fashion-by-jumia/?page=19
2024-03-07 18:03:23 [INFO] Parsing https://www.jumia.co.ke/industrial-scientific/?page=19
2024-03-07 18:03:24 [INFO] Parsing https://www.jumia.co.ke/miscellaneous/?page=19
2024-03-07 18:03:25 [INFO] Parsing https://www.jumia.co.ke/musical-instruments/?page=19
2024-03-07 18:03:27 [INFO] Parsing https://www.jumia.co.ke/electronics/?page=20
2024-03-07 18:03:27 [INFO] Parsing https://www.jumia.co.ke/pet-supplies/?page=19
2024-03-07 18:03:30 [INFO] Parsing https://www.jumia.co.ke/phones-tablets/?page=19
2024-03-07 18:03:31 [INFO] Parsing https://www.jumia.co.ke/video-games/?page=20
2024-03-07 18:03:31 [INFO] Parsing https://www.jumia.co.ke/home-office/?page=19
2024-03-07 18:03:33 [INFO] Parsing https://www.jumia.co.ke/toys-games/?page=19
2024-03-07 18:03:33 [INFO] Parsing https://www.jumia.co.ke/sporting-goods/?page=20
2024-03-07 18:03:34 [INFO] Parsing https://www.jumia.co.ke/home-office-appliances/?page=20
2024-03-07 18:03:36 [INFO] Parsing https://www.jumia.co.ke/books-movies-music/?page=20
2024-03-07 18:03:36 [INFO] Parsing https://www.jumia.co.ke/automobile/?page=20
2024-03-07 18:03:37 [INFO] Parsing https://www.jumia.co.ke/baby-products/?page=20
2024-03-07 18:03:39 [INFO] Parsing https://www.jumia.co.ke/groceries/?page=20
2024-03-07 18:03:40 [INFO] Parsing https://www.jumia.co.ke/patio-lawn-garden/?page=20
2024-03-07 18:03:41 [INFO] Parsing https://www.jumia.co.ke/computing/?page=20
2024-03-07 18:03:42 [INFO] Parsing https://www.jumia.co.ke/health-beauty/?page=20
2024-03-07 18:03:44 [INFO] Parsing https://www.jumia.co.ke/category-fashion-by-jumia/?page=20
2024-03-07 18:03:45 [INFO] Parsing https://www.jumia.co.ke/industrial-scientific/?page=20
2024-03-07 18:03:45 [INFO] Parsing https://www.jumia.co.ke/miscellaneous/?page=20
2024-03-07 18:03:49 [INFO] Parsing https://www.jumia.co.ke/electronics/?page=21
2024-03-07 18:03:49 [INFO] Parsing https://www.jumia.co.ke/musical-instruments/?page=20
2024-03-07 18:03:50 [INFO] Parsing https://www.jumia.co.ke/pet-supplies/?page=20
2024-03-07 18:03:51 [INFO] Parsing https://www.jumia.co.ke/phones-tablets/?page=20
2024-03-07 18:03:52 [INFO] Parsing https://www.jumia.co.ke/home-office/?page=20
2024-03-07 18:03:54 [INFO] Parsing https://www.jumia.co.ke/video-games/?page=21
2024-03-07 18:03:54 [INFO] Parsing https://www.jumia.co.ke/toys-games/?page=20
2024-03-07 18:03:55 [INFO] Parsing https://www.jumia.co.ke/sporting-goods/?page=21
2024-03-07 18:03:56 [INFO] Crawled 395 pages (at 51 pages/min), scraped 17707 items (at 2040 items/min)
2024-03-07 18:03:56 [INFO] Parsing https://www.jumia.co.ke/home-office-appliances/?page=21
2024-03-07 18:03:57 [INFO] Parsing https://www.jumia.co.ke/books-movies-music/?page=21
2024-03-07 18:04:00 [INFO] Parsing https://www.jumia.co.ke/automobile/?page=21
2024-03-07 18:04:00 [INFO] Parsing https://www.jumia.co.ke/baby-products/?page=21
2024-03-07 18:04:02 [INFO] Parsing https://www.jumia.co.ke/groceries/?page=21
2024-03-07 18:04:03 [INFO] Parsing https://www.jumia.co.ke/patio-lawn-garden/?page=21
2024-03-07 18:04:05 [INFO] Parsing https://www.jumia.co.ke/computing/?page=21
2024-03-07 18:04:07 [INFO] Parsing https://www.jumia.co.ke/health-beauty/?page=21
2024-03-07 18:04:08 [INFO] Parsing https://www.jumia.co.ke/category-fashion-by-jumia/?page=21
2024-03-07 18:04:09 [INFO] Parsing https://www.jumia.co.ke/industrial-scientific/?page=21
2024-03-07 18:04:10 [INFO] Parsing https://www.jumia.co.ke/miscellaneous/?page=21
2024-03-07 18:04:10 [INFO] Parsing https://www.jumia.co.ke/electronics/?page=22
2024-03-07 18:04:12 [INFO] Parsing https://www.jumia.co.ke/musical-instruments/?page=21
2024-03-07 18:04:14 [INFO] Parsing https://www.jumia.co.ke/pet-supplies/?page=21
2024-03-07 18:04:15 [INFO] Parsing https://www.jumia.co.ke/phones-tablets/?page=21
2024-03-07 18:04:16 [INFO] Parsing https://www.jumia.co.ke/video-games/?page=22
2024-03-07 18:04:17 [INFO] Parsing https://www.jumia.co.ke/home-office/?page=21
2024-03-07 18:04:18 [INFO] Parsing https://www.jumia.co.ke/toys-games/?page=21
2024-03-07 18:04:19 [INFO] Parsing https://www.jumia.co.ke/sporting-goods/?page=22
2024-03-07 18:04:20 [INFO] Parsing https://www.jumia.co.ke/home-office-appliances/?page=22
2024-03-07 18:04:21 [INFO] Parsing https://www.jumia.co.ke/books-movies-music/?page=22
2024-03-07 18:04:23 [INFO] Parsing https://www.jumia.co.ke/automobile/?page=22
2024-03-07 18:04:23 [INFO] Parsing https://www.jumia.co.ke/baby-products/?page=22
2024-03-07 18:04:24 [INFO] Parsing https://www.jumia.co.ke/groceries/?page=22
2024-03-07 18:04:25 [INFO] Parsing https://www.jumia.co.ke/patio-lawn-garden/?page=22
2024-03-07 18:04:28 [INFO] Parsing https://www.jumia.co.ke/computing/?page=22
2024-03-07 18:04:30 [INFO] Parsing https://www.jumia.co.ke/health-beauty/?page=22
2024-03-07 18:04:30 [INFO] Parsing https://www.jumia.co.ke/industrial-scientific/?page=22
2024-03-07 18:04:30 [INFO] Parsing https://www.jumia.co.ke/category-fashion-by-jumia/?page=22
2024-03-07 18:04:31 [INFO] Parsing https://www.jumia.co.ke/miscellaneous/?page=22
2024-03-07 18:04:33 [INFO] Parsing https://www.jumia.co.ke/electronics/?page=23
2024-03-07 18:04:34 [INFO] Parsing https://www.jumia.co.ke/musical-instruments/?page=22
2024-03-07 18:04:35 [INFO] Parsing https://www.jumia.co.ke/pet-supplies/?page=22
2024-03-07 18:04:37 [INFO] Parsing https://www.jumia.co.ke/phones-tablets/?page=22
2024-03-07 18:04:37 [INFO] Parsing https://www.jumia.co.ke/video-games/?page=23
2024-03-07 18:04:40 [INFO] Parsing https://www.jumia.co.ke/home-office/?page=22
2024-03-07 18:04:41 [INFO] Parsing https://www.jumia.co.ke/toys-games/?page=22
2024-03-07 18:04:42 [INFO] Parsing https://www.jumia.co.ke/sporting-goods/?page=23
2024-03-07 18:04:43 [INFO] Parsing https://www.jumia.co.ke/home-office-appliances/?page=23
2024-03-07 18:04:44 [INFO] Parsing https://www.jumia.co.ke/books-movies-music/?page=23
2024-03-07 18:04:45 [INFO] Parsing https://www.jumia.co.ke/automobile/?page=23
2024-03-07 18:04:46 [INFO] Parsing https://www.jumia.co.ke/baby-products/?page=23
2024-03-07 18:04:48 [INFO] Parsing https://www.jumia.co.ke/groceries/?page=23
2024-03-07 18:04:49 [INFO] Parsing https://www.jumia.co.ke/patio-lawn-garden/?page=23
2024-03-07 18:04:50 [INFO] Parsing https://www.jumia.co.ke/computing/?page=23
2024-03-07 18:04:51 [INFO] Parsing https://www.jumia.co.ke/health-beauty/?page=23
2024-03-07 18:04:53 [INFO] Parsing https://www.jumia.co.ke/industrial-scientific/?page=23
2024-03-07 18:04:55 [INFO] Parsing https://www.jumia.co.ke/miscellaneous/?page=23
2024-03-07 18:04:55 [INFO] Parsing https://www.jumia.co.ke/category-fashion-by-jumia/?page=23
2024-03-07 18:04:56 [INFO] Crawled 445 pages (at 50 pages/min), scraped 19667 items (at 1960 items/min)
2024-03-07 18:04:56 [INFO] Parsing https://www.jumia.co.ke/electronics/?page=24
2024-03-07 18:04:57 [INFO] Parsing https://www.jumia.co.ke/musical-instruments/?page=23
2024-03-07 18:04:58 [INFO] Parsing https://www.jumia.co.ke/pet-supplies/?page=23
2024-03-07 18:05:00 [INFO] Parsing https://www.jumia.co.ke/phones-tablets/?page=23
2024-03-07 18:05:01 [INFO] Parsing https://www.jumia.co.ke/video-games/?page=24
2024-03-07 18:05:03 [INFO] Parsing https://www.jumia.co.ke/home-office/?page=23
2024-03-07 18:05:04 [INFO] Parsing https://www.jumia.co.ke/toys-games/?page=23
2024-03-07 18:05:05 [INFO] Parsing https://www.jumia.co.ke/sporting-goods/?page=24
2024-03-07 18:05:06 [INFO] Parsing https://www.jumia.co.ke/home-office-appliances/?page=24
2024-03-07 18:05:08 [INFO] Parsing https://www.jumia.co.ke/books-movies-music/?page=24
2024-03-07 18:05:10 [INFO] Parsing https://www.jumia.co.ke/automobile/?page=24
2024-03-07 18:05:10 [INFO] Parsing https://www.jumia.co.ke/baby-products/?page=24
2024-03-07 18:05:12 [INFO] Parsing https://www.jumia.co.ke/groceries/?page=24
2024-03-07 18:05:13 [INFO] Parsing https://www.jumia.co.ke/patio-lawn-garden/?page=24
2024-03-07 18:05:15 [INFO] Parsing https://www.jumia.co.ke/computing/?page=24
2024-03-07 18:05:16 [INFO] Parsing https://www.jumia.co.ke/health-beauty/?page=24
2024-03-07 18:05:17 [INFO] Parsing https://www.jumia.co.ke/industrial-scientific/?page=24
2024-03-07 18:05:18 [INFO] Parsing https://www.jumia.co.ke/miscellaneous/?page=24
2024-03-07 18:05:20 [INFO] Parsing https://www.jumia.co.ke/electronics/?page=25
2024-03-07 18:05:21 [INFO] Parsing https://www.jumia.co.ke/category-fashion-by-jumia/?page=24
2024-03-07 18:05:21 [INFO] Parsing https://www.jumia.co.ke/musical-instruments/?page=24
2024-03-07 18:05:23 [INFO] Parsing https://www.jumia.co.ke/pet-supplies/?page=24
2024-03-07 18:05:25 [INFO] Parsing https://www.jumia.co.ke/video-games/?page=25
2024-03-07 18:05:25 [INFO] Parsing https://www.jumia.co.ke/phones-tablets/?page=24
2024-03-07 18:05:27 [INFO] Parsing https://www.jumia.co.ke/home-office/?page=24
2024-03-07 18:05:28 [INFO] Parsing https://www.jumia.co.ke/toys-games/?page=24
2024-03-07 18:05:28 [INFO] Parsing https://www.jumia.co.ke/sporting-goods/?page=25
2024-03-07 18:05:29 [INFO] Parsing https://www.jumia.co.ke/home-office-appliances/?page=25
2024-03-07 18:05:30 [INFO] Parsing https://www.jumia.co.ke/books-movies-music/?page=25
2024-03-07 18:05:32 [INFO] Parsing https://www.jumia.co.ke/automobile/?page=25
2024-03-07 18:05:33 [INFO] Parsing https://www.jumia.co.ke/baby-products/?page=25
2024-03-07 18:05:34 [INFO] Parsing https://www.jumia.co.ke/groceries/?page=25
2024-03-07 18:05:35 [INFO] Parsing https://www.jumia.co.ke/patio-lawn-garden/?page=25
2024-03-07 18:05:37 [INFO] Parsing https://www.jumia.co.ke/computing/?page=25
2024-03-07 18:05:39 [INFO] Parsing https://www.jumia.co.ke/health-beauty/?page=25
2024-03-07 18:05:39 [INFO] Parsing https://www.jumia.co.ke/industrial-scientific/?page=25
2024-03-07 18:05:40 [INFO] Parsing https://www.jumia.co.ke/miscellaneous/?page=25
2024-03-07 18:05:42 [INFO] Parsing https://www.jumia.co.ke/electronics/?page=26
2024-03-07 18:05:44 [INFO] Parsing https://www.jumia.co.ke/category-fashion-by-jumia/?page=25
2024-03-07 18:05:45 [INFO] Parsing https://www.jumia.co.ke/musical-instruments/?page=25
2024-03-07 18:05:45 [INFO] Parsing https://www.jumia.co.ke/pet-supplies/?page=25
2024-03-07 18:05:47 [INFO] Parsing https://www.jumia.co.ke/video-games/?page=26
2024-03-07 18:05:49 [INFO] Parsing https://www.jumia.co.ke/phones-tablets/?page=25
2024-03-07 18:05:50 [INFO] Parsing https://www.jumia.co.ke/toys-games/?page=25
2024-03-07 18:05:51 [INFO] Parsing https://www.jumia.co.ke/home-office/?page=25
2024-03-07 18:05:52 [INFO] Parsing https://www.jumia.co.ke/sporting-goods/?page=26
2024-03-07 18:05:53 [INFO] Parsing https://www.jumia.co.ke/home-office-appliances/?page=26
2024-03-07 18:05:54 [INFO] Parsing https://www.jumia.co.ke/books-movies-music/?page=26
2024-03-07 18:05:56 [INFO] Crawled 492 pages (at 47 pages/min), scraped 21587 items (at 1920 items/min)
2024-03-07 18:05:56 [INFO] Parsing https://www.jumia.co.ke/automobile/?page=26
2024-03-07 18:05:57 [INFO] Parsing https://www.jumia.co.ke/baby-products/?page=26
2024-03-07 18:05:58 [INFO] Parsing https://www.jumia.co.ke/groceries/?page=26
2024-03-07 18:05:59 [INFO] Parsing https://www.jumia.co.ke/patio-lawn-garden/?page=26
2024-03-07 18:06:00 [INFO] Parsing https://www.jumia.co.ke/computing/?page=26
2024-03-07 18:06:01 [INFO] Parsing https://www.jumia.co.ke/health-beauty/?page=26
2024-03-07 18:06:03 [INFO] Parsing https://www.jumia.co.ke/industrial-scientific/?page=26
2024-03-07 18:06:03 [INFO] Parsing https://www.jumia.co.ke/miscellaneous/?page=26
2024-03-07 18:06:04 [INFO] Parsing https://www.jumia.co.ke/electronics/?page=27
2024-03-07 18:06:07 [INFO] Parsing https://www.jumia.co.ke/category-fashion-by-jumia/?page=26
2024-03-07 18:06:07 [INFO] Parsing https://www.jumia.co.ke/musical-instruments/?page=26
2024-03-07 18:06:08 [INFO] Parsing https://www.jumia.co.ke/pet-supplies/?page=26
2024-03-07 18:06:09 [INFO] Parsing https://www.jumia.co.ke/video-games/?page=27
2024-03-07 18:06:11 [INFO] Parsing https://www.jumia.co.ke/toys-games/?page=26
2024-03-07 18:06:12 [INFO] Parsing https://www.jumia.co.ke/phones-tablets/?page=26
2024-03-07 18:06:13 [INFO] Parsing https://www.jumia.co.ke/home-office/?page=26
2024-03-07 18:06:14 [INFO] Parsing https://www.jumia.co.ke/home-office-appliances/?page=27
2024-03-07 18:06:14 [INFO] Parsing https://www.jumia.co.ke/sporting-goods/?page=27
2024-03-07 18:06:15 [INFO] Parsing https://www.jumia.co.ke/books-movies-music/?page=27
2024-03-07 18:06:17 [INFO] Parsing https://www.jumia.co.ke/automobile/?page=27
2024-03-07 18:06:18 [INFO] Parsing https://www.jumia.co.ke/baby-products/?page=27
2024-03-07 18:06:19 [INFO] Parsing https://www.jumia.co.ke/groceries/?page=27
2024-03-07 18:06:20 [INFO] Parsing https://www.jumia.co.ke/patio-lawn-garden/?page=27
2024-03-07 18:06:22 [INFO] Parsing https://www.jumia.co.ke/health-beauty/?page=27
2024-03-07 18:06:23 [INFO] Parsing https://www.jumia.co.ke/computing/?page=27
2024-03-07 18:06:23 [INFO] Parsing https://www.jumia.co.ke/industrial-scientific/?page=27
2024-03-07 18:06:25 [INFO] Parsing https://www.jumia.co.ke/miscellaneous/?page=27
2024-03-07 18:06:25 [INFO] Parsing https://www.jumia.co.ke/electronics/?page=28
2024-03-07 18:06:28 [INFO] Parsing https://www.jumia.co.ke/musical-instruments/?page=27
2024-03-07 18:06:28 [INFO] Parsing https://www.jumia.co.ke/category-fashion-by-jumia/?page=27
2024-03-07 18:06:30 [INFO] Parsing https://www.jumia.co.ke/pet-supplies/?page=27
2024-03-07 18:06:30 [INFO] Parsing https://www.jumia.co.ke/video-games/?page=28
2024-03-07 18:06:32 [INFO] Parsing https://www.jumia.co.ke/toys-games/?page=27
2024-03-07 18:06:34 [INFO] Parsing https://www.jumia.co.ke/phones-tablets/?page=27
2024-03-07 18:06:35 [INFO] Parsing https://www.jumia.co.ke/home-office-appliances/?page=28
2024-03-07 18:06:36 [INFO] Parsing https://www.jumia.co.ke/home-office/?page=27
2024-03-07 18:06:36 [INFO] Parsing https://www.jumia.co.ke/sporting-goods/?page=28
2024-03-07 18:06:38 [INFO] Parsing https://www.jumia.co.ke/books-movies-music/?page=28
2024-03-07 18:06:39 [INFO] Parsing https://www.jumia.co.ke/automobile/?page=28
2024-03-07 18:06:41 [INFO] Parsing https://www.jumia.co.ke/baby-products/?page=28
2024-03-07 18:06:42 [INFO] Parsing https://www.jumia.co.ke/groceries/?page=28
2024-03-07 18:06:43 [INFO] Parsing https://www.jumia.co.ke/patio-lawn-garden/?page=28
2024-03-07 18:06:45 [INFO] Parsing https://www.jumia.co.ke/health-beauty/?page=28
2024-03-07 18:06:46 [INFO] Parsing https://www.jumia.co.ke/computing/?page=28
2024-03-07 18:06:46 [INFO] Parsing https://www.jumia.co.ke/industrial-scientific/?page=28
2024-03-07 18:06:49 [INFO] Parsing https://www.jumia.co.ke/miscellaneous/?page=28
2024-03-07 18:06:49 [INFO] Parsing https://www.jumia.co.ke/electronics/?page=29
2024-03-07 18:06:50 [INFO] Parsing https://www.jumia.co.ke/musical-instruments/?page=28
2024-03-07 18:06:53 [INFO] Parsing https://www.jumia.co.ke/pet-supplies/?page=28
2024-03-07 18:06:53 [INFO] Parsing https://www.jumia.co.ke/category-fashion-by-jumia/?page=28
2024-03-07 18:06:54 [INFO] Parsing https://www.jumia.co.ke/video-games/?page=29
2024-03-07 18:06:55 [INFO] Parsing https://www.jumia.co.ke/toys-games/?page=28
2024-03-07 18:06:56 [INFO] Crawled 544 pages (at 52 pages/min), scraped 23667 items (at 2080 items/min)
2024-03-07 18:06:58 [INFO] Parsing https://www.jumia.co.ke/home-office-appliances/?page=29
2024-03-07 18:06:58 [INFO] Parsing https://www.jumia.co.ke/phones-tablets/?page=28
2024-03-07 18:06:59 [INFO] Parsing https://www.jumia.co.ke/home-office/?page=28
2024-03-07 18:07:00 [INFO] Parsing https://www.jumia.co.ke/sporting-goods/?page=29
2024-03-07 18:07:02 [INFO] Parsing https://www.jumia.co.ke/books-movies-music/?page=29
2024-03-07 18:07:02 [INFO] Parsing https://www.jumia.co.ke/automobile/?page=29
2024-03-07 18:07:03 [INFO] Parsing https://www.jumia.co.ke/baby-products/?page=29
2024-03-07 18:07:03 [INFO] Parsing https://www.jumia.co.ke/groceries/?page=29
2024-03-07 18:07:05 [INFO] Parsing https://www.jumia.co.ke/patio-lawn-garden/?page=29
2024-03-07 18:07:06 [INFO] Parsing https://www.jumia.co.ke/health-beauty/?page=29
2024-03-07 18:07:07 [INFO] Parsing https://www.jumia.co.ke/computing/?page=29
2024-03-07 18:07:08 [INFO] Parsing https://www.jumia.co.ke/industrial-scientific/?page=29
2024-03-07 18:07:09 [INFO] Parsing https://www.jumia.co.ke/miscellaneous/?page=29
2024-03-07 18:07:11 [INFO] Parsing https://www.jumia.co.ke/electronics/?page=30
2024-03-07 18:07:12 [INFO] Parsing https://www.jumia.co.ke/musical-instruments/?page=29
2024-03-07 18:07:14 [INFO] Parsing https://www.jumia.co.ke/pet-supplies/?page=29
2024-03-07 18:07:16 [INFO] Parsing https://www.jumia.co.ke/category-fashion-by-jumia/?page=29
2024-03-07 18:07:16 [INFO] Parsing https://www.jumia.co.ke/video-games/?page=30
2024-03-07 18:07:18 [INFO] Parsing https://www.jumia.co.ke/toys-games/?page=29
2024-03-07 18:07:18 [INFO] Parsing https://www.jumia.co.ke/home-office-appliances/?page=30
2024-03-07 18:07:20 [INFO] Parsing https://www.jumia.co.ke/phones-tablets/?page=29
2024-03-07 18:07:21 [INFO] Parsing https://www.jumia.co.ke/home-office/?page=29
2024-03-07 18:07:22 [INFO] Parsing https://www.jumia.co.ke/sporting-goods/?page=30
2024-03-07 18:07:23 [INFO] Parsing https://www.jumia.co.ke/books-movies-music/?page=30
2024-03-07 18:07:24 [INFO] Parsing https://www.jumia.co.ke/automobile/?page=30
2024-03-07 18:07:25 [INFO] Parsing https://www.jumia.co.ke/baby-products/?page=30
2024-03-07 18:07:26 [INFO] Parsing https://www.jumia.co.ke/groceries/?page=30
2024-03-07 18:07:28 [INFO] Parsing https://www.jumia.co.ke/patio-lawn-garden/?page=30
2024-03-07 18:07:29 [INFO] Parsing https://www.jumia.co.ke/health-beauty/?page=30
2024-03-07 18:07:30 [INFO] Parsing https://www.jumia.co.ke/computing/?page=30
2024-03-07 18:07:32 [INFO] Parsing https://www.jumia.co.ke/industrial-scientific/?page=30
2024-03-07 18:07:32 [INFO] Parsing https://www.jumia.co.ke/miscellaneous/?page=30
2024-03-07 18:07:33 [INFO] Parsing https://www.jumia.co.ke/electronics/?page=31
2024-03-07 18:07:35 [INFO] Parsing https://www.jumia.co.ke/musical-instruments/?page=30
2024-03-07 18:07:36 [INFO] Parsing https://www.jumia.co.ke/pet-supplies/?page=30
2024-03-07 18:07:38 [INFO] Parsing https://www.jumia.co.ke/category-fashion-by-jumia/?page=30
2024-03-07 18:07:38 [INFO] Parsing https://www.jumia.co.ke/video-games/?page=31
2024-03-07 18:07:40 [INFO] Parsing https://www.jumia.co.ke/toys-games/?page=30
2024-03-07 18:07:41 [INFO] Parsing https://www.jumia.co.ke/home-office-appliances/?page=31
2024-03-07 18:07:43 [INFO] Parsing https://www.jumia.co.ke/phones-tablets/?page=30
2024-03-07 18:07:45 [INFO] Parsing https://www.jumia.co.ke/sporting-goods/?page=31
2024-03-07 18:07:45 [INFO] Parsing https://www.jumia.co.ke/home-office/?page=30
2024-03-07 18:07:46 [INFO] Parsing https://www.jumia.co.ke/books-movies-music/?page=31
2024-03-07 18:07:48 [INFO] Parsing https://www.jumia.co.ke/automobile/?page=31
2024-03-07 18:07:48 [INFO] Parsing https://www.jumia.co.ke/baby-products/?page=31
2024-03-07 18:07:49 [INFO] Parsing https://www.jumia.co.ke/groceries/?page=31
2024-03-07 18:07:51 [INFO] Parsing https://www.jumia.co.ke/patio-lawn-garden/?page=31
2024-03-07 18:07:52 [INFO] Parsing https://www.jumia.co.ke/health-beauty/?page=31
2024-03-07 18:07:53 [INFO] Parsing https://www.jumia.co.ke/computing/?page=31
2024-03-07 18:07:54 [INFO] Parsing https://www.jumia.co.ke/industrial-scientific/?page=31
2024-03-07 18:07:55 [INFO] Parsing https://www.jumia.co.ke/miscellaneous/?page=31
2024-03-07 18:07:56 [INFO] Parsing https://www.jumia.co.ke/electronics/?page=32
2024-03-07 18:07:56 [INFO] Crawled 596 pages (at 52 pages/min), scraped 25747 items (at 2080 items/min)
2024-03-07 18:07:57 [INFO] Parsing https://www.jumia.co.ke/musical-instruments/?page=31
2024-03-07 18:07:59 [INFO] Parsing https://www.jumia.co.ke/pet-supplies/?page=31
2024-03-07 18:08:00 [INFO] Parsing https://www.jumia.co.ke/video-games/?page=32
2024-03-07 18:08:02 [INFO] Parsing https://www.jumia.co.ke/category-fashion-by-jumia/?page=31
2024-03-07 18:08:02 [INFO] Parsing https://www.jumia.co.ke/toys-games/?page=31
2024-03-07 18:08:03 [INFO] Parsing https://www.jumia.co.ke/home-office-appliances/?page=32
2024-03-07 18:08:05 [INFO] Parsing https://www.jumia.co.ke/phones-tablets/?page=31
2024-03-07 18:08:06 [INFO] Parsing https://www.jumia.co.ke/sporting-goods/?page=32
2024-03-07 18:08:08 [INFO] Parsing https://www.jumia.co.ke/home-office/?page=31
2024-03-07 18:08:08 [INFO] Parsing https://www.jumia.co.ke/books-movies-music/?page=32
2024-03-07 18:08:10 [INFO] Parsing https://www.jumia.co.ke/automobile/?page=32
2024-03-07 18:08:11 [INFO] Parsing https://www.jumia.co.ke/baby-products/?page=32
2024-03-07 18:08:13 [INFO] Parsing https://www.jumia.co.ke/groceries/?page=32
2024-03-07 18:08:14 [INFO] Parsing https://www.jumia.co.ke/patio-lawn-garden/?page=32
2024-03-07 18:08:15 [INFO] Parsing https://www.jumia.co.ke/health-beauty/?page=32
2024-03-07 18:08:16 [INFO] Parsing https://www.jumia.co.ke/computing/?page=32
2024-03-07 18:08:18 [INFO] Parsing https://www.jumia.co.ke/industrial-scientific/?page=32
2024-03-07 18:08:19 [INFO] Parsing https://www.jumia.co.ke/miscellaneous/?page=32
2024-03-07 18:08:20 [INFO] Parsing https://www.jumia.co.ke/electronics/?page=33
2024-03-07 18:08:21 [INFO] Parsing https://www.jumia.co.ke/musical-instruments/?page=32
2024-03-07 18:08:22 [INFO] Parsing https://www.jumia.co.ke/pet-supplies/?page=32
2024-03-07 18:08:23 [INFO] Parsing https://www.jumia.co.ke/video-games/?page=33
2024-03-07 18:08:25 [INFO] Parsing https://www.jumia.co.ke/category-fashion-by-jumia/?page=32
2024-03-07 18:08:26 [INFO] Parsing https://www.jumia.co.ke/toys-games/?page=32
2024-03-07 18:08:27 [INFO] Parsing https://www.jumia.co.ke/home-office-appliances/?page=33
2024-03-07 18:08:29 [INFO] Parsing https://www.jumia.co.ke/phones-tablets/?page=32
2024-03-07 18:08:30 [INFO] Parsing https://www.jumia.co.ke/sporting-goods/?page=33
2024-03-07 18:08:32 [INFO] Parsing https://www.jumia.co.ke/home-office/?page=32
2024-03-07 18:08:32 [INFO] Parsing https://www.jumia.co.ke/books-movies-music/?page=33
2024-03-07 18:08:34 [INFO] Parsing https://www.jumia.co.ke/automobile/?page=33
2024-03-07 18:08:35 [INFO] Parsing https://www.jumia.co.ke/baby-products/?page=33
2024-03-07 18:08:36 [INFO] Parsing https://www.jumia.co.ke/groceries/?page=33
2024-03-07 18:08:37 [INFO] Parsing https://www.jumia.co.ke/patio-lawn-garden/?page=33
2024-03-07 18:08:39 [INFO] Parsing https://www.jumia.co.ke/health-beauty/?page=33
2024-03-07 18:08:40 [INFO] Parsing https://www.jumia.co.ke/computing/?page=33
2024-03-07 18:08:41 [INFO] Parsing https://www.jumia.co.ke/industrial-scientific/?page=33
2024-03-07 18:08:42 [INFO] Parsing https://www.jumia.co.ke/miscellaneous/?page=33
2024-03-07 18:08:44 [INFO] Parsing https://www.jumia.co.ke/electronics/?page=34
2024-03-07 18:08:45 [INFO] Parsing https://www.jumia.co.ke/musical-instruments/?page=33
2024-03-07 18:08:46 [INFO] Parsing https://www.jumia.co.ke/pet-supplies/?page=33
2024-03-07 18:08:48 [INFO] Parsing https://www.jumia.co.ke/video-games/?page=34
2024-03-07 18:08:50 [INFO] Parsing https://www.jumia.co.ke/category-fashion-by-jumia/?page=33
2024-03-07 18:08:51 [INFO] Parsing https://www.jumia.co.ke/toys-games/?page=33
2024-03-07 18:08:51 [INFO] Parsing https://www.jumia.co.ke/home-office-appliances/?page=34
2024-03-07 18:08:53 [INFO] Parsing https://www.jumia.co.ke/phones-tablets/?page=33
2024-03-07 18:08:54 [INFO] Parsing https://www.jumia.co.ke/sporting-goods/?page=34
2024-03-07 18:08:56 [INFO] Crawled 642 pages (at 46 pages/min), scraped 27587 items (at 1840 items/min)
2024-03-07 18:08:56 [INFO] Parsing https://www.jumia.co.ke/home-office/?page=33
2024-03-07 18:08:56 [INFO] Parsing https://www.jumia.co.ke/books-movies-music/?page=34
2024-03-07 18:08:58 [INFO] Parsing https://www.jumia.co.ke/automobile/?page=34
2024-03-07 18:08:59 [INFO] Parsing https://www.jumia.co.ke/baby-products/?page=34
2024-03-07 18:09:00 [INFO] Parsing https://www.jumia.co.ke/groceries/?page=34
2024-03-07 18:09:01 [INFO] Parsing https://www.jumia.co.ke/patio-lawn-garden/?page=34
2024-03-07 18:09:03 [INFO] Parsing https://www.jumia.co.ke/health-beauty/?page=34
2024-03-07 18:09:04 [INFO] Parsing https://www.jumia.co.ke/computing/?page=34
2024-03-07 18:09:05 [INFO] Parsing https://www.jumia.co.ke/industrial-scientific/?page=34
2024-03-07 18:09:07 [INFO] Parsing https://www.jumia.co.ke/miscellaneous/?page=34
2024-03-07 18:09:08 [INFO] Parsing https://www.jumia.co.ke/electronics/?page=35
2024-03-07 18:09:09 [INFO] Parsing https://www.jumia.co.ke/musical-instruments/?page=34
2024-03-07 18:09:10 [INFO] Parsing https://www.jumia.co.ke/pet-supplies/?page=34
2024-03-07 18:09:12 [INFO] Parsing https://www.jumia.co.ke/video-games/?page=35
2024-03-07 18:09:13 [INFO] Parsing https://www.jumia.co.ke/category-fashion-by-jumia/?page=34
2024-03-07 18:09:14 [INFO] Parsing https://www.jumia.co.ke/toys-games/?page=34
2024-03-07 18:09:15 [INFO] Parsing https://www.jumia.co.ke/home-office-appliances/?page=35
2024-03-07 18:09:17 [INFO] Parsing https://www.jumia.co.ke/phones-tablets/?page=34
2024-03-07 18:09:18 [INFO] Parsing https://www.jumia.co.ke/sporting-goods/?page=35
2024-03-07 18:09:19 [INFO] Parsing https://www.jumia.co.ke/books-movies-music/?page=35
2024-03-07 18:09:21 [INFO] Parsing https://www.jumia.co.ke/home-office/?page=34
2024-03-07 18:09:22 [INFO] Parsing https://www.jumia.co.ke/automobile/?page=35
2024-03-07 18:09:23 [INFO] Parsing https://www.jumia.co.ke/baby-products/?page=35
2024-03-07 18:09:24 [INFO] Parsing https://www.jumia.co.ke/groceries/?page=35
2024-03-07 18:09:25 [INFO] Parsing https://www.jumia.co.ke/patio-lawn-garden/?page=35
2024-03-07 18:09:26 [INFO] Parsing https://www.jumia.co.ke/health-beauty/?page=35
2024-03-07 18:09:27 [INFO] Parsing https://www.jumia.co.ke/computing/?page=35
2024-03-07 18:09:28 [INFO] Parsing https://www.jumia.co.ke/industrial-scientific/?page=35
2024-03-07 18:09:29 [INFO] Parsing https://www.jumia.co.ke/miscellaneous/?page=35
2024-03-07 18:09:31 [INFO] Parsing https://www.jumia.co.ke/electronics/?page=36
2024-03-07 18:09:32 [INFO] Parsing https://www.jumia.co.ke/musical-instruments/?page=35
2024-03-07 18:09:33 [INFO] Parsing https://www.jumia.co.ke/pet-supplies/?page=35
2024-03-07 18:09:35 [INFO] Parsing https://www.jumia.co.ke/video-games/?page=36
2024-03-07 18:09:37 [INFO] Parsing https://www.jumia.co.ke/category-fashion-by-jumia/?page=35
2024-03-07 18:09:37 [INFO] Parsing https://www.jumia.co.ke/toys-games/?page=35
2024-03-07 18:09:38 [INFO] Parsing https://www.jumia.co.ke/home-office-appliances/?page=36
2024-03-07 18:09:40 [INFO] Parsing https://www.jumia.co.ke/phones-tablets/?page=35
2024-03-07 18:09:41 [INFO] Parsing https://www.jumia.co.ke/sporting-goods/?page=36
2024-03-07 18:09:41 [INFO] Parsing https://www.jumia.co.ke/books-movies-music/?page=36
2024-03-07 18:09:44 [INFO] Parsing https://www.jumia.co.ke/home-office/?page=35
2024-03-07 18:09:45 [INFO] Parsing https://www.jumia.co.ke/automobile/?page=36
2024-03-07 18:09:45 [INFO] Parsing https://www.jumia.co.ke/baby-products/?page=36
2024-03-07 18:09:46 [INFO] Parsing https://www.jumia.co.ke/groceries/?page=36
2024-03-07 18:09:48 [INFO] Parsing https://www.jumia.co.ke/patio-lawn-garden/?page=36
2024-03-07 18:09:49 [INFO] Parsing https://www.jumia.co.ke/health-beauty/?page=36
2024-03-07 18:09:50 [INFO] Parsing https://www.jumia.co.ke/computing/?page=36
2024-03-07 18:09:51 [INFO] Parsing https://www.jumia.co.ke/industrial-scientific/?page=36
2024-03-07 18:09:52 [INFO] Parsing https://www.jumia.co.ke/miscellaneous/?page=36
2024-03-07 18:09:53 [INFO] Parsing https://www.jumia.co.ke/electronics/?page=37
2024-03-07 18:09:54 [INFO] Parsing https://www.jumia.co.ke/musical-instruments/?page=36
2024-03-07 18:09:56 [INFO] Crawled 692 pages (at 50 pages/min), scraped 29587 items (at 2000 items/min)
2024-03-07 18:09:56 [INFO] Parsing https://www.jumia.co.ke/pet-supplies/?page=36
2024-03-07 18:09:57 [INFO] Parsing https://www.jumia.co.ke/video-games/?page=37
2024-03-07 18:10:00 [INFO] Parsing https://www.jumia.co.ke/category-fashion-by-jumia/?page=36
2024-03-07 18:10:00 [INFO] Parsing https://www.jumia.co.ke/toys-games/?page=36
2024-03-07 18:10:00 [INFO] Parsing https://www.jumia.co.ke/home-office-appliances/?page=37
2024-03-07 18:10:03 [INFO] Parsing https://www.jumia.co.ke/phones-tablets/?page=36
2024-03-07 18:10:04 [INFO] Parsing https://www.jumia.co.ke/sporting-goods/?page=37
2024-03-07 18:10:04 [INFO] Parsing https://www.jumia.co.ke/books-movies-music/?page=37
2024-03-07 18:10:07 [INFO] Parsing https://www.jumia.co.ke/home-office/?page=36
2024-03-07 18:10:08 [INFO] Parsing https://www.jumia.co.ke/automobile/?page=37
2024-03-07 18:10:09 [INFO] Parsing https://www.jumia.co.ke/baby-products/?page=37
2024-03-07 18:10:10 [INFO] Parsing https://www.jumia.co.ke/groceries/?page=37
2024-03-07 18:10:11 [INFO] Parsing https://www.jumia.co.ke/patio-lawn-garden/?page=37
2024-03-07 18:10:12 [INFO] Parsing https://www.jumia.co.ke/health-beauty/?page=37
2024-03-07 18:10:13 [INFO] Parsing https://www.jumia.co.ke/computing/?page=37
2024-03-07 18:10:14 [INFO] Parsing https://www.jumia.co.ke/industrial-scientific/?page=37
2024-03-07 18:10:15 [INFO] Parsing https://www.jumia.co.ke/miscellaneous/?page=37
2024-03-07 18:10:16 [INFO] Parsing https://www.jumia.co.ke/electronics/?page=38
2024-03-07 18:10:18 [INFO] Parsing https://www.jumia.co.ke/musical-instruments/?page=37
2024-03-07 18:10:20 [INFO] Parsing https://www.jumia.co.ke/pet-supplies/?page=37
2024-03-07 18:10:21 [INFO] Parsing https://www.jumia.co.ke/video-games/?page=38
2024-03-07 18:10:23 [INFO] Parsing https://www.jumia.co.ke/category-fashion-by-jumia/?page=37
2024-03-07 18:10:24 [INFO] Parsing https://www.jumia.co.ke/toys-games/?page=37
2024-03-07 18:10:24 [INFO] Parsing https://www.jumia.co.ke/home-office-appliances/?page=38
2024-03-07 18:10:26 [INFO] Parsing https://www.jumia.co.ke/phones-tablets/?page=37
2024-03-07 18:10:27 [INFO] Parsing https://www.jumia.co.ke/sporting-goods/?page=38
2024-03-07 18:10:28 [INFO] Parsing https://www.jumia.co.ke/books-movies-music/?page=38
2024-03-07 18:10:30 [INFO] Parsing https://www.jumia.co.ke/home-office/?page=37
2024-03-07 18:10:31 [INFO] Parsing https://www.jumia.co.ke/automobile/?page=38
2024-03-07 18:10:32 [INFO] Parsing https://www.jumia.co.ke/baby-products/?page=38
2024-03-07 18:10:33 [INFO] Parsing https://www.jumia.co.ke/groceries/?page=38
2024-03-07 18:10:35 [INFO] Parsing https://www.jumia.co.ke/patio-lawn-garden/?page=38
2024-03-07 18:10:36 [INFO] Parsing https://www.jumia.co.ke/health-beauty/?page=38
2024-03-07 18:10:37 [INFO] Parsing https://www.jumia.co.ke/computing/?page=38
2024-03-07 18:10:39 [INFO] Parsing https://www.jumia.co.ke/industrial-scientific/?page=38
2024-03-07 18:10:40 [INFO] Parsing https://www.jumia.co.ke/miscellaneous/?page=38
2024-03-07 18:10:42 [INFO] Parsing https://www.jumia.co.ke/electronics/?page=39
2024-03-07 18:10:43 [INFO] Parsing https://www.jumia.co.ke/musical-instruments/?page=38
2024-03-07 18:10:44 [INFO] Parsing https://www.jumia.co.ke/pet-supplies/?page=38
2024-03-07 18:10:45 [INFO] Parsing https://www.jumia.co.ke/video-games/?page=39
2024-03-07 18:10:47 [INFO] Parsing https://www.jumia.co.ke/category-fashion-by-jumia/?page=38
2024-03-07 18:10:47 [INFO] Parsing https://www.jumia.co.ke/toys-games/?page=38
2024-03-07 18:10:48 [INFO] Parsing https://www.jumia.co.ke/home-office-appliances/?page=39
2024-03-07 18:10:50 [INFO] Parsing https://www.jumia.co.ke/phones-tablets/?page=38
2024-03-07 18:10:51 [INFO] Parsing https://www.jumia.co.ke/sporting-goods/?page=39
2024-03-07 18:10:52 [INFO] Parsing https://www.jumia.co.ke/books-movies-music/?page=39
2024-03-07 18:10:54 [INFO] Parsing https://www.jumia.co.ke/home-office/?page=38
2024-03-07 18:10:56 [INFO] Parsing https://www.jumia.co.ke/automobile/?page=39
2024-03-07 18:10:56 [INFO] Crawled 740 pages (at 48 pages/min), scraped 31507 items (at 1920 items/min)
2024-03-07 18:10:56 [INFO] Parsing https://www.jumia.co.ke/baby-products/?page=39
2024-03-07 18:10:57 [INFO] Parsing https://www.jumia.co.ke/groceries/?page=39
2024-03-07 18:10:58 [INFO] Parsing https://www.jumia.co.ke/patio-lawn-garden/?page=39
2024-03-07 18:11:00 [INFO] Parsing https://www.jumia.co.ke/health-beauty/?page=39
2024-03-07 18:11:01 [INFO] Parsing https://www.jumia.co.ke/computing/?page=39
2024-03-07 18:11:03 [INFO] Parsing https://www.jumia.co.ke/industrial-scientific/?page=39
2024-03-07 18:11:03 [INFO] Parsing https://www.jumia.co.ke/miscellaneous/?page=39
2024-03-07 18:11:04 [INFO] Parsing https://www.jumia.co.ke/electronics/?page=40
2024-03-07 18:11:06 [INFO] Parsing https://www.jumia.co.ke/musical-instruments/?page=39
2024-03-07 18:11:07 [INFO] Parsing https://www.jumia.co.ke/pet-supplies/?page=39
2024-03-07 18:11:09 [INFO] Parsing https://www.jumia.co.ke/video-games/?page=40
2024-03-07 18:11:11 [INFO] Parsing https://www.jumia.co.ke/category-fashion-by-jumia/?page=39
2024-03-07 18:11:11 [INFO] Parsing https://www.jumia.co.ke/toys-games/?page=39
2024-03-07 18:11:12 [INFO] Parsing https://www.jumia.co.ke/home-office-appliances/?page=40
2024-03-07 18:11:14 [INFO] Parsing https://www.jumia.co.ke/phones-tablets/?page=39
2024-03-07 18:11:15 [INFO] Parsing https://www.jumia.co.ke/sporting-goods/?page=40
2024-03-07 18:11:16 [INFO] Parsing https://www.jumia.co.ke/books-movies-music/?page=40
2024-03-07 18:11:19 [INFO] Parsing https://www.jumia.co.ke/home-office/?page=39
2024-03-07 18:11:19 [INFO] Parsing https://www.jumia.co.ke/automobile/?page=40
2024-03-07 18:11:20 [INFO] Parsing https://www.jumia.co.ke/baby-products/?page=40
2024-03-07 18:11:21 [INFO] Parsing https://www.jumia.co.ke/groceries/?page=40
2024-03-07 18:11:23 [INFO] Parsing https://www.jumia.co.ke/patio-lawn-garden/?page=40
2024-03-07 18:11:24 [INFO] Parsing https://www.jumia.co.ke/health-beauty/?page=40
2024-03-07 18:11:25 [INFO] Parsing https://www.jumia.co.ke/computing/?page=40
2024-03-07 18:11:26 [INFO] Parsing https://www.jumia.co.ke/industrial-scientific/?page=40
2024-03-07 18:11:27 [INFO] Parsing https://www.jumia.co.ke/miscellaneous/?page=40
2024-03-07 18:11:29 [INFO] Parsing https://www.jumia.co.ke/electronics/?page=41
2024-03-07 18:11:29 [INFO] Parsing https://www.jumia.co.ke/musical-instruments/?page=40
2024-03-07 18:11:30 [INFO] Parsing https://www.jumia.co.ke/pet-supplies/?page=40
2024-03-07 18:11:32 [INFO] Parsing https://www.jumia.co.ke/video-games/?page=41
2024-03-07 18:11:34 [INFO] Parsing https://www.jumia.co.ke/category-fashion-by-jumia/?page=40
2024-03-07 18:11:35 [INFO] Parsing https://www.jumia.co.ke/toys-games/?page=40
2024-03-07 18:11:36 [INFO] Parsing https://www.jumia.co.ke/home-office-appliances/?page=41
2024-03-07 18:11:38 [INFO] Parsing https://www.jumia.co.ke/phones-tablets/?page=40
2024-03-07 18:11:39 [INFO] Parsing https://www.jumia.co.ke/sporting-goods/?page=41
2024-03-07 18:11:39 [INFO] Parsing https://www.jumia.co.ke/books-movies-music/?page=41
2024-03-07 18:11:42 [INFO] Parsing https://www.jumia.co.ke/home-office/?page=40
2024-03-07 18:11:43 [INFO] Parsing https://www.jumia.co.ke/automobile/?page=41
2024-03-07 18:11:43 [INFO] Parsing https://www.jumia.co.ke/baby-products/?page=41
2024-03-07 18:11:44 [INFO] Parsing https://www.jumia.co.ke/groceries/?page=41
2024-03-07 18:11:46 [INFO] Parsing https://www.jumia.co.ke/patio-lawn-garden/?page=41
2024-03-07 18:11:47 [INFO] Parsing https://www.jumia.co.ke/health-beauty/?page=41
2024-03-07 18:11:48 [INFO] Parsing https://www.jumia.co.ke/computing/?page=41
2024-03-07 18:11:49 [INFO] Parsing https://www.jumia.co.ke/industrial-scientific/?page=41
2024-03-07 18:11:50 [INFO] Parsing https://www.jumia.co.ke/miscellaneous/?page=41
2024-03-07 18:11:51 [INFO] Parsing https://www.jumia.co.ke/electronics/?page=42
2024-03-07 18:11:52 [INFO] Parsing https://www.jumia.co.ke/musical-instruments/?page=41
2024-03-07 18:11:54 [INFO] Parsing https://www.jumia.co.ke/pet-supplies/?page=41
2024-03-07 18:11:55 [INFO] Parsing https://www.jumia.co.ke/video-games/?page=42
2024-03-07 18:11:56 [INFO] Crawled 789 pages (at 49 pages/min), scraped 33467 items (at 1960 items/min)
2024-03-07 18:11:57 [INFO] Parsing https://www.jumia.co.ke/category-fashion-by-jumia/?page=41
2024-03-07 18:11:58 [INFO] Parsing https://www.jumia.co.ke/toys-games/?page=41
2024-03-07 18:11:59 [INFO] Parsing https://www.jumia.co.ke/home-office-appliances/?page=42
2024-03-07 18:12:01 [INFO] Parsing https://www.jumia.co.ke/phones-tablets/?page=41
2024-03-07 18:12:02 [INFO] Parsing https://www.jumia.co.ke/sporting-goods/?page=42
2024-03-07 18:12:03 [INFO] Parsing https://www.jumia.co.ke/books-movies-music/?page=42
2024-03-07 18:12:06 [INFO] Parsing https://www.jumia.co.ke/home-office/?page=41
2024-03-07 18:12:06 [INFO] Parsing https://www.jumia.co.ke/automobile/?page=42
2024-03-07 18:12:07 [INFO] Parsing https://www.jumia.co.ke/baby-products/?page=42
2024-03-07 18:12:08 [INFO] Parsing https://www.jumia.co.ke/groceries/?page=42
2024-03-07 18:12:10 [INFO] Parsing https://www.jumia.co.ke/patio-lawn-garden/?page=42
2024-03-07 18:12:11 [INFO] Parsing https://www.jumia.co.ke/health-beauty/?page=42
2024-03-07 18:12:12 [INFO] Parsing https://www.jumia.co.ke/computing/?page=42
2024-03-07 18:12:13 [INFO] Parsing https://www.jumia.co.ke/industrial-scientific/?page=42
2024-03-07 18:12:14 [INFO] Parsing https://www.jumia.co.ke/miscellaneous/?page=42
2024-03-07 18:12:15 [INFO] Parsing https://www.jumia.co.ke/electronics/?page=43
2024-03-07 18:12:17 [INFO] Parsing https://www.jumia.co.ke/musical-instruments/?page=42
2024-03-07 18:12:18 [INFO] Parsing https://www.jumia.co.ke/pet-supplies/?page=42
2024-03-07 18:12:19 [INFO] Parsing https://www.jumia.co.ke/video-games/?page=43
2024-03-07 18:12:22 [INFO] Parsing https://www.jumia.co.ke/category-fashion-by-jumia/?page=42
2024-03-07 18:12:22 [INFO] Parsing https://www.jumia.co.ke/toys-games/?page=42
2024-03-07 18:12:23 [INFO] Parsing https://www.jumia.co.ke/home-office-appliances/?page=43
2024-03-07 18:12:24 [INFO] Parsing https://www.jumia.co.ke/phones-tablets/?page=42
2024-03-07 18:12:25 [INFO] Parsing https://www.jumia.co.ke/sporting-goods/?page=43
2024-03-07 18:12:26 [INFO] Parsing https://www.jumia.co.ke/books-movies-music/?page=43
2024-03-07 18:12:28 [INFO] Parsing https://www.jumia.co.ke/home-office/?page=42
2024-03-07 18:12:29 [INFO] Parsing https://www.jumia.co.ke/automobile/?page=43
2024-03-07 18:12:30 [INFO] Parsing https://www.jumia.co.ke/baby-products/?page=43
2024-03-07 18:12:31 [INFO] Parsing https://www.jumia.co.ke/groceries/?page=43
2024-03-07 18:12:32 [INFO] Parsing https://www.jumia.co.ke/patio-lawn-garden/?page=43
2024-03-07 18:12:33 [INFO] Parsing https://www.jumia.co.ke/health-beauty/?page=43
2024-03-07 18:12:35 [INFO] Parsing https://www.jumia.co.ke/computing/?page=43
2024-03-07 18:12:36 [INFO] Parsing https://www.jumia.co.ke/industrial-scientific/?page=43
2024-03-07 18:12:37 [INFO] Parsing https://www.jumia.co.ke/miscellaneous/?page=43
2024-03-07 18:12:39 [INFO] Parsing https://www.jumia.co.ke/electronics/?page=44
2024-03-07 18:12:40 [INFO] Parsing https://www.jumia.co.ke/musical-instruments/?page=43
2024-03-07 18:12:41 [INFO] Parsing https://www.jumia.co.ke/pet-supplies/?page=43
2024-03-07 18:12:42 [INFO] Parsing https://www.jumia.co.ke/video-games/?page=44
2024-03-07 18:12:45 [INFO] Parsing https://www.jumia.co.ke/toys-games/?page=43
2024-03-07 18:12:46 [INFO] Parsing https://www.jumia.co.ke/home-office-appliances/?page=44
2024-03-07 18:12:46 [INFO] Parsing https://www.jumia.co.ke/category-fashion-by-jumia/?page=43
2024-03-07 18:12:48 [INFO] Parsing https://www.jumia.co.ke/phones-tablets/?page=43
2024-03-07 18:12:48 [INFO] Parsing https://www.jumia.co.ke/sporting-goods/?page=44
2024-03-07 18:12:49 [INFO] Parsing https://www.jumia.co.ke/books-movies-music/?page=44
2024-03-07 18:12:52 [INFO] Parsing https://www.jumia.co.ke/home-office/?page=43
2024-03-07 18:12:52 [INFO] Parsing https://www.jumia.co.ke/automobile/?page=44
2024-03-07 18:12:54 [INFO] Parsing https://www.jumia.co.ke/baby-products/?page=44
2024-03-07 18:12:55 [INFO] Parsing https://www.jumia.co.ke/groceries/?page=44
2024-03-07 18:12:56 [INFO] Crawled 837 pages (at 48 pages/min), scraped 35387 items (at 1920 items/min)
2024-03-07 18:12:56 [INFO] Parsing https://www.jumia.co.ke/patio-lawn-garden/?page=44
2024-03-07 18:12:57 [INFO] Parsing https://www.jumia.co.ke/health-beauty/?page=44
2024-03-07 18:12:58 [INFO] Parsing https://www.jumia.co.ke/computing/?page=44
2024-03-07 18:12:59 [INFO] Parsing https://www.jumia.co.ke/industrial-scientific/?page=44
2024-03-07 18:13:00 [INFO] Parsing https://www.jumia.co.ke/miscellaneous/?page=44
2024-03-07 18:13:01 [INFO] Parsing https://www.jumia.co.ke/electronics/?page=45
2024-03-07 18:13:03 [INFO] Parsing https://www.jumia.co.ke/musical-instruments/?page=44
2024-03-07 18:13:04 [INFO] Parsing https://www.jumia.co.ke/pet-supplies/?page=44
2024-03-07 18:13:05 [INFO] Parsing https://www.jumia.co.ke/video-games/?page=45
2024-03-07 18:13:06 [INFO] Parsing https://www.jumia.co.ke/toys-games/?page=44
2024-03-07 18:13:07 [INFO] Parsing https://www.jumia.co.ke/home-office-appliances/?page=45
2024-03-07 18:13:09 [INFO] Parsing https://www.jumia.co.ke/category-fashion-by-jumia/?page=44
2024-03-07 18:13:10 [INFO] Parsing https://www.jumia.co.ke/phones-tablets/?page=44
2024-03-07 18:13:11 [INFO] Parsing https://www.jumia.co.ke/sporting-goods/?page=45
2024-03-07 18:13:12 [INFO] Parsing https://www.jumia.co.ke/books-movies-music/?page=45
2024-03-07 18:13:14 [INFO] Parsing https://www.jumia.co.ke/home-office/?page=44
2024-03-07 18:13:14 [INFO] Parsing https://www.jumia.co.ke/automobile/?page=45
2024-03-07 18:13:16 [INFO] Parsing https://www.jumia.co.ke/baby-products/?page=45
2024-03-07 18:13:17 [INFO] Parsing https://www.jumia.co.ke/groceries/?page=45
2024-03-07 18:13:18 [INFO] Parsing https://www.jumia.co.ke/patio-lawn-garden/?page=45
2024-03-07 18:13:19 [INFO] Parsing https://www.jumia.co.ke/health-beauty/?page=45
2024-03-07 18:13:20 [INFO] Parsing https://www.jumia.co.ke/computing/?page=45
2024-03-07 18:13:22 [INFO] Parsing https://www.jumia.co.ke/industrial-scientific/?page=45
2024-03-07 18:13:23 [INFO] Parsing https://www.jumia.co.ke/miscellaneous/?page=45
2024-03-07 18:13:24 [INFO] Parsing https://www.jumia.co.ke/electronics/?page=46
2024-03-07 18:13:26 [INFO] Parsing https://www.jumia.co.ke/musical-instruments/?page=45
2024-03-07 18:13:27 [INFO] Parsing https://www.jumia.co.ke/pet-supplies/?page=45
2024-03-07 18:13:28 [INFO] Parsing https://www.jumia.co.ke/video-games/?page=46
2024-03-07 18:13:30 [INFO] Parsing https://www.jumia.co.ke/toys-games/?page=45
2024-03-07 18:13:30 [INFO] Parsing https://www.jumia.co.ke/home-office-appliances/?page=46
2024-03-07 18:13:32 [INFO] Parsing https://www.jumia.co.ke/category-fashion-by-jumia/?page=45
2024-03-07 18:13:33 [INFO] Parsing https://www.jumia.co.ke/phones-tablets/?page=45
2024-03-07 18:13:33 [INFO] Parsing https://www.jumia.co.ke/sporting-goods/?page=46
2024-03-07 18:13:34 [INFO] Parsing https://www.jumia.co.ke/books-movies-music/?page=46
2024-03-07 18:13:37 [INFO] Parsing https://www.jumia.co.ke/home-office/?page=45
2024-03-07 18:13:38 [INFO] Parsing https://www.jumia.co.ke/automobile/?page=46
2024-03-07 18:13:38 [INFO] Parsing https://www.jumia.co.ke/baby-products/?page=46
2024-03-07 18:13:39 [INFO] Parsing https://www.jumia.co.ke/groceries/?page=46
2024-03-07 18:13:41 [INFO] Parsing https://www.jumia.co.ke/patio-lawn-garden/?page=46
2024-03-07 18:13:42 [INFO] Parsing https://www.jumia.co.ke/health-beauty/?page=46
2024-03-07 18:13:43 [INFO] Parsing https://www.jumia.co.ke/computing/?page=46
2024-03-07 18:13:44 [INFO] Parsing https://www.jumia.co.ke/industrial-scientific/?page=46
2024-03-07 18:13:45 [INFO] Parsing https://www.jumia.co.ke/miscellaneous/?page=46
2024-03-07 18:13:46 [INFO] Parsing https://www.jumia.co.ke/electronics/?page=47
2024-03-07 18:13:47 [INFO] Parsing https://www.jumia.co.ke/musical-instruments/?page=46
2024-03-07 18:13:49 [INFO] Parsing https://www.jumia.co.ke/pet-supplies/?page=46
2024-03-07 18:13:50 [INFO] Parsing https://www.jumia.co.ke/video-games/?page=47
2024-03-07 18:13:51 [INFO] Parsing https://www.jumia.co.ke/toys-games/?page=46
2024-03-07 18:13:52 [INFO] Parsing https://www.jumia.co.ke/home-office-appliances/?page=47
2024-03-07 18:13:54 [INFO] Parsing https://www.jumia.co.ke/category-fashion-by-jumia/?page=46
2024-03-07 18:13:55 [INFO] Parsing https://www.jumia.co.ke/phones-tablets/?page=46
2024-03-07 18:13:56 [INFO] Crawled 888 pages (at 51 pages/min), scraped 37427 items (at 2040 items/min)
2024-03-07 18:13:56 [INFO] Parsing https://www.jumia.co.ke/sporting-goods/?page=47
2024-03-07 18:13:56 [INFO] Parsing https://www.jumia.co.ke/books-movies-music/?page=47
2024-03-07 18:13:59 [INFO] Parsing https://www.jumia.co.ke/home-office/?page=46
2024-03-07 18:13:59 [INFO] Parsing https://www.jumia.co.ke/automobile/?page=47
2024-03-07 18:13:59 [INFO] Parsing https://www.jumia.co.ke/baby-products/?page=47
2024-03-07 18:14:00 [INFO] Parsing https://www.jumia.co.ke/groceries/?page=47
2024-03-07 18:14:02 [INFO] Parsing https://www.jumia.co.ke/patio-lawn-garden/?page=47
2024-03-07 18:14:03 [INFO] Parsing https://www.jumia.co.ke/health-beauty/?page=47
2024-03-07 18:14:04 [INFO] Parsing https://www.jumia.co.ke/computing/?page=47
2024-03-07 18:14:05 [INFO] Parsing https://www.jumia.co.ke/industrial-scientific/?page=47
2024-03-07 18:14:06 [INFO] Parsing https://www.jumia.co.ke/miscellaneous/?page=47
2024-03-07 18:14:07 [INFO] Parsing https://www.jumia.co.ke/electronics/?page=48
2024-03-07 18:14:09 [INFO] Parsing https://www.jumia.co.ke/musical-instruments/?page=47
2024-03-07 18:14:10 [INFO] Parsing https://www.jumia.co.ke/pet-supplies/?page=47
2024-03-07 18:14:11 [INFO] Parsing https://www.jumia.co.ke/video-games/?page=48
2024-03-07 18:14:13 [INFO] Parsing https://www.jumia.co.ke/toys-games/?page=47
2024-03-07 18:14:14 [INFO] Parsing https://www.jumia.co.ke/home-office-appliances/?page=48
2024-03-07 18:14:16 [INFO] Parsing https://www.jumia.co.ke/category-fashion-by-jumia/?page=47
2024-03-07 18:14:17 [INFO] Parsing https://www.jumia.co.ke/phones-tablets/?page=47
2024-03-07 18:14:18 [INFO] Parsing https://www.jumia.co.ke/sporting-goods/?page=48
2024-03-07 18:14:19 [INFO] Parsing https://www.jumia.co.ke/books-movies-music/?page=48
2024-03-07 18:14:21 [INFO] Parsing https://www.jumia.co.ke/home-office/?page=47
2024-03-07 18:14:22 [INFO] Parsing https://www.jumia.co.ke/automobile/?page=48
2024-03-07 18:14:22 [INFO] Parsing https://www.jumia.co.ke/baby-products/?page=48
2024-03-07 18:14:24 [INFO] Parsing https://www.jumia.co.ke/groceries/?page=48
2024-03-07 18:14:24 [INFO] Parsing https://www.jumia.co.ke/patio-lawn-garden/?page=48
2024-03-07 18:14:26 [INFO] Parsing https://www.jumia.co.ke/health-beauty/?page=48
2024-03-07 18:14:27 [INFO] Parsing https://www.jumia.co.ke/computing/?page=48
2024-03-07 18:14:29 [INFO] Parsing https://www.jumia.co.ke/industrial-scientific/?page=48
2024-03-07 18:14:29 [INFO] Parsing https://www.jumia.co.ke/miscellaneous/?page=48
2024-03-07 18:14:31 [INFO] Parsing https://www.jumia.co.ke/electronics/?page=49
2024-03-07 18:14:32 [INFO] Parsing https://www.jumia.co.ke/musical-instruments/?page=48
2024-03-07 18:14:34 [INFO] Parsing https://www.jumia.co.ke/pet-supplies/?page=48
2024-03-07 18:14:35 [INFO] Parsing https://www.jumia.co.ke/video-games/?page=49
2024-03-07 18:14:36 [INFO] Parsing https://www.jumia.co.ke/toys-games/?page=48
2024-03-07 18:14:37 [INFO] Parsing https://www.jumia.co.ke/home-office-appliances/?page=49
2024-03-07 18:14:39 [INFO] Parsing https://www.jumia.co.ke/category-fashion-by-jumia/?page=48
2024-03-07 18:14:41 [INFO] Parsing https://www.jumia.co.ke/phones-tablets/?page=48
2024-03-07 18:14:41 [INFO] Parsing https://www.jumia.co.ke/sporting-goods/?page=49
2024-03-07 18:14:41 [INFO] Parsing https://www.jumia.co.ke/books-movies-music/?page=49
2024-03-07 18:14:43 [INFO] Parsing https://www.jumia.co.ke/home-office/?page=48
2024-03-07 18:14:45 [INFO] Parsing https://www.jumia.co.ke/baby-products/?page=49
2024-03-07 18:14:45 [INFO] Parsing https://www.jumia.co.ke/automobile/?page=49
2024-03-07 18:14:46 [INFO] Parsing https://www.jumia.co.ke/groceries/?page=49
2024-03-07 18:14:47 [INFO] Parsing https://www.jumia.co.ke/patio-lawn-garden/?page=49
2024-03-07 18:14:49 [INFO] Parsing https://www.jumia.co.ke/health-beauty/?page=49
2024-03-07 18:14:51 [INFO] Parsing https://www.jumia.co.ke/computing/?page=49
2024-03-07 18:14:52 [INFO] Parsing https://www.jumia.co.ke/industrial-scientific/?page=49
2024-03-07 18:14:53 [INFO] Parsing https://www.jumia.co.ke/miscellaneous/?page=49
2024-03-07 18:14:54 [INFO] Parsing https://www.jumia.co.ke/electronics/?page=50
2024-03-07 18:14:56 [INFO] Parsing https://www.jumia.co.ke/musical-instruments/?page=49
2024-03-07 18:14:56 [INFO] Crawled 939 pages (at 51 pages/min), scraped 39467 items (at 2040 items/min)
2024-03-07 18:14:57 [INFO] Parsing https://www.jumia.co.ke/pet-supplies/?page=49
2024-03-07 18:14:58 [INFO] Parsing https://www.jumia.co.ke/video-games/?page=50
2024-03-07 18:15:00 [INFO] Parsing https://www.jumia.co.ke/toys-games/?page=49
2024-03-07 18:15:00 [INFO] Parsing https://www.jumia.co.ke/home-office-appliances/?page=50
2024-03-07 18:15:03 [INFO] Parsing https://www.jumia.co.ke/category-fashion-by-jumia/?page=49
2024-03-07 18:15:03 [INFO] Parsing https://www.jumia.co.ke/phones-tablets/?page=49
2024-03-07 18:15:04 [INFO] Parsing https://www.jumia.co.ke/sporting-goods/?page=50
2024-03-07 18:15:05 [INFO] Parsing https://www.jumia.co.ke/books-movies-music/?page=50
2024-03-07 18:15:07 [INFO] Parsing https://www.jumia.co.ke/home-office/?page=49
2024-03-07 18:15:08 [INFO] Parsing https://www.jumia.co.ke/baby-products/?page=50
2024-03-07 18:15:09 [INFO] Parsing https://www.jumia.co.ke/automobile/?page=50
2024-03-07 18:15:10 [INFO] Parsing https://www.jumia.co.ke/groceries/?page=50
2024-03-07 18:15:11 [INFO] Parsing https://www.jumia.co.ke/patio-lawn-garden/?page=50
2024-03-07 18:15:13 [INFO] Parsing https://www.jumia.co.ke/health-beauty/?page=50
2024-03-07 18:15:13 [INFO] Parsing https://www.jumia.co.ke/computing/?page=50
2024-03-07 18:15:14 [INFO] Parsing https://www.jumia.co.ke/industrial-scientific/?page=50
2024-03-07 18:15:16 [INFO] Parsing https://www.jumia.co.ke/miscellaneous/?page=50
2024-03-07 18:15:17 [INFO] Parsing https://www.jumia.co.ke/musical-instruments/?page=50
2024-03-07 18:15:19 [INFO] Parsing https://www.jumia.co.ke/pet-supplies/?page=50
2024-03-07 18:15:20 [INFO] Parsing https://www.jumia.co.ke/toys-games/?page=50
2024-03-07 18:15:22 [INFO] Parsing https://www.jumia.co.ke/category-fashion-by-jumia/?page=50
2024-03-07 18:15:23 [INFO] Parsing https://www.jumia.co.ke/phones-tablets/?page=50
2024-03-07 18:15:25 [INFO] Parsing https://www.jumia.co.ke/home-office/?page=50
2024-03-07 18:15:25 [INFO] Closing spider (finished)
2024-03-07 18:15:25 [INFO] Spider Closed
2024-03-07 18:15:25 [INFO] Total items scraped: 40387
2024-03-07 18:15:25 [INFO] Start time: 2024-03-07 14:55:56.217457+00:00
2024-03-07 18:15:25 [INFO] Finish time: None
2024-03-07 18:15:25 [INFO] Stored jsonlines feed (40387 items) in: output.jsonl
2024-03-07 18:15:25 [INFO] Dumping Scrapy stats:
{'downloader/request_bytes': 1001149,
 'downloader/request_count': 962,
 'downloader/request_method_count/GET': 962,
 'downloader/response_bytes': 42252920,
 'downloader/response_count': 962,
 'downloader/response_status_count/200': 962,
 'elapsed_time_seconds': 1169.281584,
 'feedexport/success_count/FileFeedStorage': 1,
 'finish_reason': 'finished',
 'finish_time': datetime.datetime(2024, 3, 7, 15, 15, 25, 499041, tzinfo=datetime.timezone.utc),
 'httpcompression/response_bytes': 249687456,
 'httpcompression/response_count': 962,
 'item_scraped_count': 40387,
 'log_count/INFO': 1001,
 'log_count/WARNING': 1,
 'request_depth_max': 49,
 'response_received_count': 962,
 'robotstxt/request_count': 1,
 'robotstxt/response_count': 1,
 'robotstxt/response_status_count/200': 1,
 'scheduler/dequeued': 961,
 'scheduler/dequeued/memory': 961,
 'scheduler/enqueued': 961,
 'scheduler/enqueued/memory': 961,
 'start_time': datetime.datetime(2024, 3, 7, 14, 55, 56, 217457, tzinfo=datetime.timezone.utc)}
2024-03-07 18:15:25 [INFO] Spider closed (finished)
